[ 2018-03-12T01:08:35+08:00 ] 123.151.42.61 /
INFO: [ app_init ] --START--
INFO: Run Behavior\BuildLiteBehavior [ RunTime:0.000014s ]
INFO: [ app_init ] --END-- [ RunTime:0.005131s ]
INFO: [ app_begin ] --START--
INFO: Run Behavior\ReadHtmlCacheBehavior [ RunTime:0.000954s ]
INFO: [ app_begin ] --END-- [ RunTime:0.001059s ]
SQL: SHOW COLUMNS FROM `cy_user_coin` [ RunTime:0.0033s ]
SQL: SELECT * FROM `cy_user_coin` WHERE `userid` = null LIMIT 1   [ RunTime:0.0007s ]
SQL: SHOW COLUMNS FROM `cy_newad` [ RunTime:0.0011s ]
SQL: SELECT * FROM `cy_newad` WHERE ( ad_type=0 ) ORDER BY price LIMIT 2   [ RunTime:0.0009s ]
SQL: SELECT * FROM `cy_newad` WHERE ( ad_type=1 ) ORDER BY price LIMIT 2   [ RunTime:0.0007s ]
INFO: [ view_parse ] --START--
INFO: [ template_filter ] --START--
INFO: Run Behavior\ContentReplaceBehavior [ RunTime:0.000275s ]
INFO: [ template_filter ] --END-- [ RunTime:0.000404s ]
NOTIC: [8] Undefined index: m /data/www/otc/ThinkPHP/Common/functions.php 第 1953 行.
NOTIC: [8] Undefined index: m /data/www/otc/ThinkPHP/Common/functions.php 第 1953 行.
NOTIC: [8] Undefined index: m /data/www/otc/ThinkPHP/Common/functions.php 第 1953 行.
NOTIC: [8] Use of undefined constant wkc - assumed 'wkc' /data/www/otc/Runtime/Cache/Home/2a94b8bda04ff446dcedd42276fc99ee.php 第 68 行.
NOTIC: [8] Undefined index: m /data/www/otc/ThinkPHP/Common/functions.php 第 1953 行.
NOTIC: [8] Undefined index: m /data/www/otc/ThinkPHP/Common/functions.php 第 1953 行.
NOTIC: [8] Undefined index: m /data/www/otc/ThinkPHP/Common/functions.php 第 1953 行.
NOTIC: [8] Undefined index: m /data/www/otc/ThinkPHP/Common/functions.php 第 1953 行.
NOTIC: [8] Undefined index: m /data/www/otc/ThinkPHP/Common/functions.php 第 1953 行.
NOTIC: [8] Undefined index: target /data/www/otc/Runtime/Cache/Home/2a94b8bda04ff446dcedd42276fc99ee.php 第 204 行.
NOTIC: [8] Undefined index: token /data/www/otc/Runtime/Cache/Home/2a94b8bda04ff446dcedd42276fc99ee.php 第 213 行.
NOTIC: [8] Undefined index: token /data/www/otc/Runtime/Cache/Home/2a94b8bda04ff446dcedd42276fc99ee.php 第 214 行.
NOTIC: [8] Undefined index: m /data/www/otc/ThinkPHP/Common/functions.php 第 1953 行.
SQL: SHOW COLUMNS FROM `cy_user` [ RunTime:0.0013s ]
SQL: SELECT `ue_img` FROM `cy_user` WHERE `id` = 16 LIMIT 1   [ RunTime:0.0005s ]
SQL: SHOW COLUMNS FROM `cy_order` [ RunTime:0.0010s ]
SQL: SELECT COUNT(*) AS tp_count FROM `cy_order` WHERE ( (`status` = 3 and buyid=16) or (`status` = 3 and sellid=16) ) LIMIT 1   [ RunTime:0.0007s ]
SQL: SELECT `trusted` FROM `cy_user` WHERE `id` = 16 LIMIT 1   [ RunTime:0.0004s ]
SQL: SHOW COLUMNS FROM `cy_evaluation` [ RunTime:0.0008s ]
SQL: SELECT COUNT(*) AS tp_count FROM `cy_evaluation` WHERE `userid` = 16 LIMIT 1   [ RunTime:0.0005s ]
SQL: SELECT COUNT(*) AS tp_count FROM `cy_evaluation` WHERE `userid` = 16 AND `evaluation` = 'POSITIVE' LIMIT 1   [ RunTime:0.0005s ]
NOTIC: [8] Undefined index: m /data/www/otc/ThinkPHP/Common/functions.php 第 1953 行.
SQL: SELECT `ue_img` FROM `cy_user` WHERE `id` = 16 LIMIT 1   [ RunTime:0.0004s ]
SQL: SELECT COUNT(*) AS tp_count FROM `cy_order` WHERE ( (`status` = 3 and buyid=16) or (`status` = 3 and sellid=16) ) LIMIT 1   [ RunTime:0.0005s ]
SQL: SELECT `trusted` FROM `cy_user` WHERE `id` = 16 LIMIT 1   [ RunTime:0.0004s ]
SQL: SELECT COUNT(*) AS tp_count FROM `cy_evaluation` WHERE `userid` = 16 LIMIT 1   [ RunTime:0.0004s ]
SQL: SELECT COUNT(*) AS tp_count FROM `cy_evaluation` WHERE `userid` = 16 AND `evaluation` = 'POSITIVE' LIMIT 1   [ RunTime:0.0004s ]
NOTIC: [8] Undefined index: m /data/www/otc/ThinkPHP/Common/functions.php 第 1953 行.
SQL: SELECT `ue_img` FROM `cy_user` WHERE `id` = 15 LIMIT 1   [ RunTime:0.0004s ]
SQL: SELECT COUNT(*) AS tp_count FROM `cy_order` WHERE ( (`status` = 3 and buyid=15) or (`status` = 3 and sellid=15) ) LIMIT 1   [ RunTime:0.0005s ]
SQL: SELECT `trusted` FROM `cy_user` WHERE `id` = 15 LIMIT 1   [ RunTime:0.0004s ]
SQL: SELECT COUNT(*) AS tp_count FROM `cy_evaluation` WHERE `userid` = 15 LIMIT 1   [ RunTime:0.0005s ]
NOTIC: [8] Undefined index: m /data/www/otc/ThinkPHP/Common/functions.php 第 1953 行.
SQL: SELECT `ue_img` FROM `cy_user` WHERE `id` = 4 LIMIT 1   [ RunTime:0.0004s ]
SQL: SELECT COUNT(*) AS tp_count FROM `cy_order` WHERE ( (`status` = 3 and buyid=4) or (`status` = 3 and sellid=4) ) LIMIT 1   [ RunTime:0.0005s ]
SQL: SELECT `trusted` FROM `cy_user` WHERE `id` = 4 LIMIT 1   [ RunTime:0.0004s ]
SQL: SELECT COUNT(*) AS tp_count FROM `cy_evaluation` WHERE `userid` = 4 LIMIT 1   [ RunTime:0.0004s ]
SQL: SELECT COUNT(*) AS tp_count FROM `cy_evaluation` WHERE `userid` = 4 AND `evaluation` = 'POSITIVE' LIMIT 1   [ RunTime:0.0004s ]
NOTIC: [8] Undefined index: m /data/www/otc/ThinkPHP/Common/functions.php 第 1953 行.
NOTIC: [8] Undefined index: m /data/www/otc/ThinkPHP/Common/functions.php 第 1953 行.
NOTIC: [8] Undefined index: m /data/www/otc/ThinkPHP/Common/functions.php 第 1953 行.
NOTIC: [8] Undefined index: m /data/www/otc/ThinkPHP/Common/functions.php 第 1953 行.
INFO: Run Behavior\ParseTemplateBehavior [ RunTime:0.033225s ]
INFO: [ view_parse ] --END-- [ RunTime:0.033303s ]
INFO: [ view_filter ] --START--
INFO: Run Behavior\WriteHtmlCacheBehavior [ RunTime:0.000643s ]
INFO: [ view_filter ] --END-- [ RunTime:0.000722s ]
INFO: [ app_end ] --START--
INFO: Run Behavior\ShowPageTraceBehavior [ RunTime:0.001087s ]
INFO: [ app_end ] --END-- [ RunTime:0.001198s ]

[ 2018-03-12T01:19:11+08:00 ] 61.171.16.215 /is_test
INFO: [ app_init ] --START--
INFO: Run Behavior\BuildLiteBehavior [ RunTime:0.000015s ]
INFO: [ app_init ] --END-- [ RunTime:0.005368s ]
INFO: [ app_begin ] --START--
INFO: Run Behavior\ReadHtmlCacheBehavior [ RunTime:0.001047s ]
INFO: [ app_begin ] --END-- [ RunTime:0.001155s ]
ERR: 无法加载控制器:Is_test

[ 2018-03-12T01:19:11+08:00 ] 61.171.16.215 /console/css/login.css
INFO: [ app_init ] --START--
INFO: Run Behavior\BuildLiteBehavior [ RunTime:0.000012s ]
INFO: [ app_init ] --END-- [ RunTime:0.004997s ]
INFO: [ app_begin ] --START--
INFO: Run Behavior\ReadHtmlCacheBehavior [ RunTime:0.001128s ]
INFO: [ app_begin ] --END-- [ RunTime:0.001241s ]
ERR: 无法加载控制器:Console

[ 2018-03-12T02:01:11+08:00 ] 178.73.215.171 /
INFO: [ app_init ] --START--
INFO: Run Behavior\BuildLiteBehavior [ RunTime:0.000012s ]
INFO: [ app_init ] --END-- [ RunTime:0.004886s ]
INFO: [ app_begin ] --START--
INFO: Run Behavior\ReadHtmlCacheBehavior [ RunTime:0.000946s ]
INFO: [ app_begin ] --END-- [ RunTime:0.001050s ]
SQL: SHOW COLUMNS FROM `cy_user_coin` [ RunTime:0.0023s ]
SQL: SELECT * FROM `cy_user_coin` WHERE `userid` = null LIMIT 1   [ RunTime:0.0007s ]
SQL: SHOW COLUMNS FROM `cy_newad` [ RunTime:0.0010s ]
SQL: SELECT * FROM `cy_newad` WHERE ( ad_type=0 ) ORDER BY price LIMIT 2   [ RunTime:0.0009s ]
SQL: SELECT * FROM `cy_newad` WHERE ( ad_type=1 ) ORDER BY price LIMIT 2   [ RunTime:0.0006s ]
INFO: [ view_parse ] --START--
INFO: [ template_filter ] --START--
INFO: Run Behavior\ContentReplaceBehavior [ RunTime:0.000288s ]
INFO: [ template_filter ] --END-- [ RunTime:0.000397s ]
NOTIC: [8] Undefined index: m /data/www/otc/ThinkPHP/Common/functions.php 第 1953 行.
NOTIC: [8] Undefined index: m /data/www/otc/ThinkPHP/Common/functions.php 第 1953 行.
NOTIC: [8] Undefined index: m /data/www/otc/ThinkPHP/Common/functions.php 第 1953 行.
NOTIC: [8] Use of undefined constant wkc - assumed 'wkc' /data/www/otc/Runtime/Cache/Home/2a94b8bda04ff446dcedd42276fc99ee.php 第 68 行.
NOTIC: [8] Undefined index: m /data/www/otc/ThinkPHP/Common/functions.php 第 1953 行.
NOTIC: [8] Undefined index: m /data/www/otc/ThinkPHP/Common/functions.php 第 1953 行.
NOTIC: [8] Undefined index: m /data/www/otc/ThinkPHP/Common/functions.php 第 1953 行.
NOTIC: [8] Undefined index: m /data/www/otc/ThinkPHP/Common/functions.php 第 1953 行.
NOTIC: [8] Undefined index: m /data/www/otc/ThinkPHP/Common/functions.php 第 1953 行.
NOTIC: [8] Undefined index: target /data/www/otc/Runtime/Cache/Home/2a94b8bda04ff446dcedd42276fc99ee.php 第 204 行.
NOTIC: [8] Undefined index: token /data/www/otc/Runtime/Cache/Home/2a94b8bda04ff446dcedd42276fc99ee.php 第 213 行.
NOTIC: [8] Undefined index: token /data/www/otc/Runtime/Cache/Home/2a94b8bda04ff446dcedd42276fc99ee.php 第 214 行.
NOTIC: [8] Undefined index: m /data/www/otc/ThinkPHP/Common/functions.php 第 1953 行.
SQL: SHOW COLUMNS FROM `cy_user` [ RunTime:0.0014s ]
SQL: SELECT `ue_img` FROM `cy_user` WHERE `id` = 16 LIMIT 1   [ RunTime:0.0006s ]
SQL: SHOW COLUMNS FROM `cy_order` [ RunTime:0.0010s ]
SQL: SELECT COUNT(*) AS tp_count FROM `cy_order` WHERE ( (`status` = 3 and buyid=16) or (`status` = 3 and sellid=16) ) LIMIT 1   [ RunTime:0.0006s ]
SQL: SELECT `trusted` FROM `cy_user` WHERE `id` = 16 LIMIT 1   [ RunTime:0.0004s ]
SQL: SHOW COLUMNS FROM `cy_evaluation` [ RunTime:0.0008s ]
SQL: SELECT COUNT(*) AS tp_count FROM `cy_evaluation` WHERE `userid` = 16 LIMIT 1   [ RunTime:0.0005s ]
SQL: SELECT COUNT(*) AS tp_count FROM `cy_evaluation` WHERE `userid` = 16 AND `evaluation` = 'POSITIVE' LIMIT 1   [ RunTime:0.0005s ]
NOTIC: [8] Undefined index: m /data/www/otc/ThinkPHP/Common/functions.php 第 1953 行.
SQL: SELECT `ue_img` FROM `cy_user` WHERE `id` = 16 LIMIT 1   [ RunTime:0.0004s ]
SQL: SELECT COUNT(*) AS tp_count FROM `cy_order` WHERE ( (`status` = 3 and buyid=16) or (`status` = 3 and sellid=16) ) LIMIT 1   [ RunTime:0.0006s ]
SQL: SELECT `trusted` FROM `cy_user` WHERE `id` = 16 LIMIT 1   [ RunTime:0.0004s ]
SQL: SELECT COUNT(*) AS tp_count FROM `cy_evaluation` WHERE `userid` = 16 LIMIT 1   [ RunTime:0.0004s ]
SQL: SELECT COUNT(*) AS tp_count FROM `cy_evaluation` WHERE `userid` = 16 AND `evaluation` = 'POSITIVE' LIMIT 1   [ RunTime:0.0005s ]
NOTIC: [8] Undefined index: m /data/www/otc/ThinkPHP/Common/functions.php 第 1953 行.
SQL: SELECT `ue_img` FROM `cy_user` WHERE `id` = 15 LIMIT 1   [ RunTime:0.0004s ]
SQL: SELECT COUNT(*) AS tp_count FROM `cy_order` WHERE ( (`status` = 3 and buyid=15) or (`status` = 3 and sellid=15) ) LIMIT 1   [ RunTime:0.0005s ]
SQL: SELECT `trusted` FROM `cy_user` WHERE `id` = 15 LIMIT 1   [ RunTime:0.0004s ]
SQL: SELECT COUNT(*) AS tp_count FROM `cy_evaluation` WHERE `userid` = 15 LIMIT 1   [ RunTime:0.0004s ]
NOTIC: [8] Undefined index: m /data/www/otc/ThinkPHP/Common/functions.php 第 1953 行.
SQL: SELECT `ue_img` FROM `cy_user` WHERE `id` = 4 LIMIT 1   [ RunTime:0.0004s ]
SQL: SELECT COUNT(*) AS tp_count FROM `cy_order` WHERE ( (`status` = 3 and buyid=4) or (`status` = 3 and sellid=4) ) LIMIT 1   [ RunTime:0.0005s ]
SQL: SELECT `trusted` FROM `cy_user` WHERE `id` = 4 LIMIT 1   [ RunTime:0.0004s ]
SQL: SELECT COUNT(*) AS tp_count FROM `cy_evaluation` WHERE `userid` = 4 LIMIT 1   [ RunTime:0.0004s ]
SQL: SELECT COUNT(*) AS tp_count FROM `cy_evaluation` WHERE `userid` = 4 AND `evaluation` = 'POSITIVE' LIMIT 1   [ RunTime:0.0005s ]
NOTIC: [8] Undefined index: m /data/www/otc/ThinkPHP/Common/functions.php 第 1953 行.
NOTIC: [8] Undefined index: m /data/www/otc/ThinkPHP/Common/functions.php 第 1953 行.
NOTIC: [8] Undefined index: m /data/www/otc/ThinkPHP/Common/functions.php 第 1953 行.
NOTIC: [8] Undefined index: m /data/www/otc/ThinkPHP/Common/functions.php 第 1953 行.
INFO: Run Behavior\ParseTemplateBehavior [ RunTime:0.038590s ]
INFO: [ view_parse ] --END-- [ RunTime:0.038672s ]
INFO: [ view_filter ] --START--
INFO: Run Behavior\WriteHtmlCacheBehavior [ RunTime:0.000631s ]
INFO: [ view_filter ] --END-- [ RunTime:0.000710s ]
INFO: [ app_end ] --START--
INFO: Run Behavior\ShowPageTraceBehavior [ RunTime:0.001108s ]
INFO: [ app_end ] --END-- [ RunTime:0.001215s ]

[ 2018-03-12T06:38:30+08:00 ] 103.59.164.104 /index.php
INFO: [ app_init ] --START--
INFO: Run Behavior\BuildLiteBehavior [ RunTime:0.000013s ]
INFO: [ app_init ] --END-- [ RunTime:0.005317s ]
INFO: [ app_begin ] --START--
INFO: Run Behavior\ReadHtmlCacheBehavior [ RunTime:0.001044s ]
INFO: [ app_begin ] --END-- [ RunTime:0.001152s ]
SQL: SHOW COLUMNS FROM `cy_user_coin` [ RunTime:0.0039s ]
SQL: SELECT * FROM `cy_user_coin` WHERE `userid` = null LIMIT 1   [ RunTime:0.0008s ]
SQL: SHOW COLUMNS FROM `cy_newad` [ RunTime:0.0010s ]
SQL: SELECT * FROM `cy_newad` WHERE ( ad_type=0 ) ORDER BY price LIMIT 2   [ RunTime:0.0010s ]
SQL: SELECT * FROM `cy_newad` WHERE ( ad_type=1 ) ORDER BY price LIMIT 2   [ RunTime:0.0007s ]
INFO: [ view_parse ] --START--
INFO: [ template_filter ] --START--
INFO: Run Behavior\ContentReplaceBehavior [ RunTime:0.000296s ]
INFO: [ template_filter ] --END-- [ RunTime:0.000403s ]
NOTIC: [8] Undefined index: m /data/www/otc/ThinkPHP/Common/functions.php 第 1953 行.
NOTIC: [8] Undefined index: m /data/www/otc/ThinkPHP/Common/functions.php 第 1953 行.
NOTIC: [8] Undefined index: m /data/www/otc/ThinkPHP/Common/functions.php 第 1953 行.
NOTIC: [8] Use of undefined constant wkc - assumed 'wkc' /data/www/otc/Runtime/Cache/Home/2a94b8bda04ff446dcedd42276fc99ee.php 第 68 行.
NOTIC: [8] Undefined index: m /data/www/otc/ThinkPHP/Common/functions.php 第 1953 行.
NOTIC: [8] Undefined index: m /data/www/otc/ThinkPHP/Common/functions.php 第 1953 行.
NOTIC: [8] Undefined index: m /data/www/otc/ThinkPHP/Common/functions.php 第 1953 行.
NOTIC: [8] Undefined index: m /data/www/otc/ThinkPHP/Common/functions.php 第 1953 行.
NOTIC: [8] Undefined index: m /data/www/otc/ThinkPHP/Common/functions.php 第 1953 行.
NOTIC: [8] Undefined index: target /data/www/otc/Runtime/Cache/Home/2a94b8bda04ff446dcedd42276fc99ee.php 第 204 行.
NOTIC: [8] Undefined index: token /data/www/otc/Runtime/Cache/Home/2a94b8bda04ff446dcedd42276fc99ee.php 第 213 行.
NOTIC: [8] Undefined index: token /data/www/otc/Runtime/Cache/Home/2a94b8bda04ff446dcedd42276fc99ee.php 第 214 行.
NOTIC: [8] Undefined index: m /data/www/otc/ThinkPHP/Common/functions.php 第 1953 行.
SQL: SHOW COLUMNS FROM `cy_user` [ RunTime:0.0014s ]
SQL: SELECT `ue_img` FROM `cy_user` WHERE `id` = 16 LIMIT 1   [ RunTime:0.0005s ]
SQL: SHOW COLUMNS FROM `cy_order` [ RunTime:0.0010s ]
SQL: SELECT COUNT(*) AS tp_count FROM `cy_order` WHERE ( (`status` = 3 and buyid=16) or (`status` = 3 and sellid=16) ) LIMIT 1   [ RunTime:0.0006s ]
SQL: SELECT `trusted` FROM `cy_user` WHERE `id` = 16 LIMIT 1   [ RunTime:0.0004s ]
SQL: SHOW COLUMNS FROM `cy_evaluation` [ RunTime:0.0009s ]
SQL: SELECT COUNT(*) AS tp_count FROM `cy_evaluation` WHERE `userid` = 16 LIMIT 1   [ RunTime:0.0005s ]
SQL: SELECT COUNT(*) AS tp_count FROM `cy_evaluation` WHERE `userid` = 16 AND `evaluation` = 'POSITIVE' LIMIT 1   [ RunTime:0.0005s ]
NOTIC: [8] Undefined index: m /data/www/otc/ThinkPHP/Common/functions.php 第 1953 行.
SQL: SELECT `ue_img` FROM `cy_user` WHERE `id` = 16 LIMIT 1   [ RunTime:0.0004s ]
SQL: SELECT COUNT(*) AS tp_count FROM `cy_order` WHERE ( (`status` = 3 and buyid=16) or (`status` = 3 and sellid=16) ) LIMIT 1   [ RunTime:0.0006s ]
SQL: SELECT `trusted` FROM `cy_user` WHERE `id` = 16 LIMIT 1   [ RunTime:0.0004s ]
SQL: SELECT COUNT(*) AS tp_count FROM `cy_evaluation` WHERE `userid` = 16 LIMIT 1   [ RunTime:0.0004s ]
SQL: SELECT COUNT(*) AS tp_count FROM `cy_evaluation` WHERE `userid` = 16 AND `evaluation` = 'POSITIVE' LIMIT 1   [ RunTime:0.0005s ]
NOTIC: [8] Undefined index: m /data/www/otc/ThinkPHP/Common/functions.php 第 1953 行.
SQL: SELECT `ue_img` FROM `cy_user` WHERE `id` = 15 LIMIT 1   [ RunTime:0.0004s ]
SQL: SELECT COUNT(*) AS tp_count FROM `cy_order` WHERE ( (`status` = 3 and buyid=15) or (`status` = 3 and sellid=15) ) LIMIT 1   [ RunTime:0.0005s ]
SQL: SELECT `trusted` FROM `cy_user` WHERE `id` = 15 LIMIT 1   [ RunTime:0.0005s ]
SQL: SELECT COUNT(*) AS tp_count FROM `cy_evaluation` WHERE `userid` = 15 LIMIT 1   [ RunTime:0.0004s ]
NOTIC: [8] Undefined index: m /data/www/otc/ThinkPHP/Common/functions.php 第 1953 行.
SQL: SELECT `ue_img` FROM `cy_user` WHERE `id` = 4 LIMIT 1   [ RunTime:0.0004s ]
SQL: SELECT COUNT(*) AS tp_count FROM `cy_order` WHERE ( (`status` = 3 and buyid=4) or (`status` = 3 and sellid=4) ) LIMIT 1   [ RunTime:0.0006s ]
SQL: SELECT `trusted` FROM `cy_user` WHERE `id` = 4 LIMIT 1   [ RunTime:0.0004s ]
SQL: SELECT COUNT(*) AS tp_count FROM `cy_evaluation` WHERE `userid` = 4 LIMIT 1   [ RunTime:0.0005s ]
SQL: SELECT COUNT(*) AS tp_count FROM `cy_evaluation` WHERE `userid` = 4 AND `evaluation` = 'POSITIVE' LIMIT 1   [ RunTime:0.0005s ]
NOTIC: [8] Undefined index: m /data/www/otc/ThinkPHP/Common/functions.php 第 1953 行.
NOTIC: [8] Undefined index: m /data/www/otc/ThinkPHP/Common/functions.php 第 1953 行.
NOTIC: [8] Undefined index: m /data/www/otc/ThinkPHP/Common/functions.php 第 1953 行.
NOTIC: [8] Undefined index: m /data/www/otc/ThinkPHP/Common/functions.php 第 1953 行.
INFO: Run Behavior\ParseTemplateBehavior [ RunTime:0.034828s ]
INFO: [ view_parse ] --END-- [ RunTime:0.034909s ]
INFO: [ view_filter ] --START--
INFO: Run Behavior\WriteHtmlCacheBehavior [ RunTime:0.000748s ]
INFO: [ view_filter ] --END-- [ RunTime:0.000828s ]
INFO: [ app_end ] --START--
INFO: Run Behavior\ShowPageTraceBehavior [ RunTime:0.001138s ]
INFO: [ app_end ] --END-- [ RunTime:0.001246s ]

[ 2018-03-12T06:38:32+08:00 ] 103.59.164.104 /index.php
INFO: [ app_init ] --START--
INFO: Run Behavior\BuildLiteBehavior [ RunTime:0.000014s ]
INFO: [ app_init ] --END-- [ RunTime:0.005059s ]
INFO: [ app_begin ] --START--
INFO: Run Behavior\ReadHtmlCacheBehavior [ RunTime:0.000997s ]
INFO: [ app_begin ] --END-- [ RunTime:0.001102s ]
SQL: SHOW COLUMNS FROM `cy_user_coin` [ RunTime:0.0015s ]
SQL: SELECT * FROM `cy_user_coin` WHERE `userid` = null LIMIT 1   [ RunTime:0.0007s ]
SQL: SHOW COLUMNS FROM `cy_newad` [ RunTime:0.0011s ]
SQL: SELECT * FROM `cy_newad` WHERE ( ad_type=0 ) ORDER BY price LIMIT 2   [ RunTime:0.0009s ]
SQL: SELECT * FROM `cy_newad` WHERE ( ad_type=1 ) ORDER BY price LIMIT 2   [ RunTime:0.0007s ]
INFO: [ view_parse ] --START--
INFO: [ template_filter ] --START--
INFO: Run Behavior\ContentReplaceBehavior [ RunTime:0.000276s ]
INFO: [ template_filter ] --END-- [ RunTime:0.000379s ]
NOTIC: [8] Undefined index: m /data/www/otc/ThinkPHP/Common/functions.php 第 1953 行.
NOTIC: [8] Undefined index: m /data/www/otc/ThinkPHP/Common/functions.php 第 1953 行.
NOTIC: [8] Undefined index: m /data/www/otc/ThinkPHP/Common/functions.php 第 1953 行.
NOTIC: [8] Use of undefined constant wkc - assumed 'wkc' /data/www/otc/Runtime/Cache/Home/2a94b8bda04ff446dcedd42276fc99ee.php 第 68 行.
NOTIC: [8] Undefined index: m /data/www/otc/ThinkPHP/Common/functions.php 第 1953 行.
NOTIC: [8] Undefined index: m /data/www/otc/ThinkPHP/Common/functions.php 第 1953 行.
NOTIC: [8] Undefined index: m /data/www/otc/ThinkPHP/Common/functions.php 第 1953 行.
NOTIC: [8] Undefined index: m /data/www/otc/ThinkPHP/Common/functions.php 第 1953 行.
NOTIC: [8] Undefined index: m /data/www/otc/ThinkPHP/Common/functions.php 第 1953 行.
NOTIC: [8] Undefined index: target /data/www/otc/Runtime/Cache/Home/2a94b8bda04ff446dcedd42276fc99ee.php 第 204 行.
NOTIC: [8] Undefined index: token /data/www/otc/Runtime/Cache/Home/2a94b8bda04ff446dcedd42276fc99ee.php 第 213 行.
NOTIC: [8] Undefined index: token /data/www/otc/Runtime/Cache/Home/2a94b8bda04ff446dcedd42276fc99ee.php 第 214 行.
NOTIC: [8] Undefined index: m /data/www/otc/ThinkPHP/Common/functions.php 第 1953 行.
SQL: SHOW COLUMNS FROM `cy_user` [ RunTime:0.0014s ]
SQL: SELECT `ue_img` FROM `cy_user` WHERE `id` = 16 LIMIT 1   [ RunTime:0.0005s ]
SQL: SHOW COLUMNS FROM `cy_order` [ RunTime:0.0011s ]
SQL: SELECT COUNT(*) AS tp_count FROM `cy_order` WHERE ( (`status` = 3 and buyid=16) or (`status` = 3 and sellid=16) ) LIMIT 1   [ RunTime:0.0006s ]
SQL: SELECT `trusted` FROM `cy_user` WHERE `id` = 16 LIMIT 1   [ RunTime:0.0005s ]
SQL: SHOW COLUMNS FROM `cy_evaluation` [ RunTime:0.0009s ]
SQL: SELECT COUNT(*) AS tp_count FROM `cy_evaluation` WHERE `userid` = 16 LIMIT 1   [ RunTime:0.0005s ]
SQL: SELECT COUNT(*) AS tp_count FROM `cy_evaluation` WHERE `userid` = 16 AND `evaluation` = 'POSITIVE' LIMIT 1   [ RunTime:0.0005s ]
NOTIC: [8] Undefined index: m /data/www/otc/ThinkPHP/Common/functions.php 第 1953 行.
SQL: SELECT `ue_img` FROM `cy_user` WHERE `id` = 16 LIMIT 1   [ RunTime:0.0005s ]
SQL: SELECT COUNT(*) AS tp_count FROM `cy_order` WHERE ( (`status` = 3 and buyid=16) or (`status` = 3 and sellid=16) ) LIMIT 1   [ RunTime:0.0005s ]
SQL: SELECT `trusted` FROM `cy_user` WHERE `id` = 16 LIMIT 1   [ RunTime:0.0004s ]
SQL: SELECT COUNT(*) AS tp_count FROM `cy_evaluation` WHERE `userid` = 16 LIMIT 1   [ RunTime:0.0005s ]
SQL: SELECT COUNT(*) AS tp_count FROM `cy_evaluation` WHERE `userid` = 16 AND `evaluation` = 'POSITIVE' LIMIT 1   [ RunTime:0.0005s ]
NOTIC: [8] Undefined index: m /data/www/otc/ThinkPHP/Common/functions.php 第 1953 行.
SQL: SELECT `ue_img` FROM `cy_user` WHERE `id` = 15 LIMIT 1   [ RunTime:0.0004s ]
SQL: SELECT COUNT(*) AS tp_count FROM `cy_order` WHERE ( (`status` = 3 and buyid=15) or (`status` = 3 and sellid=15) ) LIMIT 1   [ RunTime:0.0006s ]
SQL: SELECT `trusted` FROM `cy_user` WHERE `id` = 15 LIMIT 1   [ RunTime:0.0004s ]
SQL: SELECT COUNT(*) AS tp_count FROM `cy_evaluation` WHERE `userid` = 15 LIMIT 1   [ RunTime:0.0005s ]
NOTIC: [8] Undefined index: m /data/www/otc/ThinkPHP/Common/functions.php 第 1953 行.
SQL: SELECT `ue_img` FROM `cy_user` WHERE `id` = 4 LIMIT 1   [ RunTime:0.0004s ]
SQL: SELECT COUNT(*) AS tp_count FROM `cy_order` WHERE ( (`status` = 3 and buyid=4) or (`status` = 3 and sellid=4) ) LIMIT 1   [ RunTime:0.0005s ]
SQL: SELECT `trusted` FROM `cy_user` WHERE `id` = 4 LIMIT 1   [ RunTime:0.0005s ]
SQL: SELECT COUNT(*) AS tp_count FROM `cy_evaluation` WHERE `userid` = 4 LIMIT 1   [ RunTime:0.0004s ]
SQL: SELECT COUNT(*) AS tp_count FROM `cy_evaluation` WHERE `userid` = 4 AND `evaluation` = 'POSITIVE' LIMIT 1   [ RunTime:0.0005s ]
NOTIC: [8] Undefined index: m /data/www/otc/ThinkPHP/Common/functions.php 第 1953 行.
NOTIC: [8] Undefined index: m /data/www/otc/ThinkPHP/Common/functions.php 第 1953 行.
NOTIC: [8] Undefined index: m /data/www/otc/ThinkPHP/Common/functions.php 第 1953 行.
NOTIC: [8] Undefined index: m /data/www/otc/ThinkPHP/Common/functions.php 第 1953 行.
INFO: Run Behavior\ParseTemplateBehavior [ RunTime:0.038294s ]
INFO: [ view_parse ] --END-- [ RunTime:0.038373s ]
INFO: [ view_filter ] --START--
INFO: Run Behavior\WriteHtmlCacheBehavior [ RunTime:0.000685s ]
INFO: [ view_filter ] --END-- [ RunTime:0.000765s ]
INFO: [ app_end ] --START--
INFO: Run Behavior\ShowPageTraceBehavior [ RunTime:0.001157s ]
INFO: [ app_end ] --END-- [ RunTime:0.001266s ]

[ 2018-03-12T07:22:31+08:00 ] 159.65.141.232 /zx425/defaultf/login
INFO: [ app_init ] --START--
INFO: Run Behavior\BuildLiteBehavior [ RunTime:0.000012s ]
INFO: [ app_init ] --END-- [ RunTime:0.005095s ]
INFO: [ app_begin ] --START--
INFO: Run Behavior\ReadHtmlCacheBehavior [ RunTime:0.000972s ]
INFO: [ app_begin ] --END-- [ RunTime:0.001076s ]
ERR: 无法加载控制器:Zx425

[ 2018-03-12T08:49:48+08:00 ] 119.23.127.40 /
INFO: [ app_init ] --START--
INFO: Run Behavior\BuildLiteBehavior [ RunTime:0.000014s ]
INFO: [ app_init ] --END-- [ RunTime:0.005330s ]
INFO: [ app_begin ] --START--
INFO: Run Behavior\ReadHtmlCacheBehavior [ RunTime:0.000949s ]
INFO: [ app_begin ] --END-- [ RunTime:0.001056s ]
SQL: SHOW COLUMNS FROM `cy_user_coin` [ RunTime:0.0034s ]
SQL: SELECT * FROM `cy_user_coin` WHERE `userid` = null LIMIT 1   [ RunTime:0.0008s ]
SQL: SHOW COLUMNS FROM `cy_newad` [ RunTime:0.0010s ]
SQL: SELECT * FROM `cy_newad` WHERE ( ad_type=0 ) ORDER BY price LIMIT 2   [ RunTime:0.0009s ]
SQL: SELECT * FROM `cy_newad` WHERE ( ad_type=1 ) ORDER BY price LIMIT 2   [ RunTime:0.0006s ]
INFO: [ view_parse ] --START--
INFO: [ template_filter ] --START--
INFO: Run Behavior\ContentReplaceBehavior [ RunTime:0.000296s ]
INFO: [ template_filter ] --END-- [ RunTime:0.000407s ]
NOTIC: [8] Undefined index: m /data/www/otc/ThinkPHP/Common/functions.php 第 1953 行.
NOTIC: [8] Undefined index: m /data/www/otc/ThinkPHP/Common/functions.php 第 1953 行.
NOTIC: [8] Undefined index: m /data/www/otc/ThinkPHP/Common/functions.php 第 1953 行.
NOTIC: [8] Use of undefined constant wkc - assumed 'wkc' /data/www/otc/Runtime/Cache/Home/2a94b8bda04ff446dcedd42276fc99ee.php 第 68 行.
NOTIC: [8] Undefined index: m /data/www/otc/ThinkPHP/Common/functions.php 第 1953 行.
NOTIC: [8] Undefined index: m /data/www/otc/ThinkPHP/Common/functions.php 第 1953 行.
NOTIC: [8] Undefined index: m /data/www/otc/ThinkPHP/Common/functions.php 第 1953 行.
NOTIC: [8] Undefined index: m /data/www/otc/ThinkPHP/Common/functions.php 第 1953 行.
NOTIC: [8] Undefined index: m /data/www/otc/ThinkPHP/Common/functions.php 第 1953 行.
NOTIC: [8] Undefined index: target /data/www/otc/Runtime/Cache/Home/2a94b8bda04ff446dcedd42276fc99ee.php 第 204 行.
NOTIC: [8] Undefined index: token /data/www/otc/Runtime/Cache/Home/2a94b8bda04ff446dcedd42276fc99ee.php 第 213 行.
NOTIC: [8] Undefined index: token /data/www/otc/Runtime/Cache/Home/2a94b8bda04ff446dcedd42276fc99ee.php 第 214 行.
NOTIC: [8] Undefined index: m /data/www/otc/ThinkPHP/Common/functions.php 第 1953 行.
SQL: SHOW COLUMNS FROM `cy_user` [ RunTime:0.0013s ]
SQL: SELECT `ue_img` FROM `cy_user` WHERE `id` = 16 LIMIT 1   [ RunTime:0.0005s ]
SQL: SHOW COLUMNS FROM `cy_order` [ RunTime:0.0010s ]
SQL: SELECT COUNT(*) AS tp_count FROM `cy_order` WHERE ( (`status` = 3 and buyid=16) or (`status` = 3 and sellid=16) ) LIMIT 1   [ RunTime:0.0007s ]
SQL: SELECT `trusted` FROM `cy_user` WHERE `id` = 16 LIMIT 1   [ RunTime:0.0004s ]
SQL: SHOW COLUMNS FROM `cy_evaluation` [ RunTime:0.0008s ]
SQL: SELECT COUNT(*) AS tp_count FROM `cy_evaluation` WHERE `userid` = 16 LIMIT 1   [ RunTime:0.0005s ]
SQL: SELECT COUNT(*) AS tp_count FROM `cy_evaluation` WHERE `userid` = 16 AND `evaluation` = 'POSITIVE' LIMIT 1   [ RunTime:0.0005s ]
NOTIC: [8] Undefined index: m /data/www/otc/ThinkPHP/Common/functions.php 第 1953 行.
SQL: SELECT `ue_img` FROM `cy_user` WHERE `id` = 16 LIMIT 1   [ RunTime:0.0004s ]
SQL: SELECT COUNT(*) AS tp_count FROM `cy_order` WHERE ( (`status` = 3 and buyid=16) or (`status` = 3 and sellid=16) ) LIMIT 1   [ RunTime:0.0006s ]
SQL: SELECT `trusted` FROM `cy_user` WHERE `id` = 16 LIMIT 1   [ RunTime:0.0004s ]
SQL: SELECT COUNT(*) AS tp_count FROM `cy_evaluation` WHERE `userid` = 16 LIMIT 1   [ RunTime:0.0004s ]
SQL: SELECT COUNT(*) AS tp_count FROM `cy_evaluation` WHERE `userid` = 16 AND `evaluation` = 'POSITIVE' LIMIT 1   [ RunTime:0.0005s ]
NOTIC: [8] Undefined index: m /data/www/otc/ThinkPHP/Common/functions.php 第 1953 行.
SQL: SELECT `ue_img` FROM `cy_user` WHERE `id` = 15 LIMIT 1   [ RunTime:0.0004s ]
SQL: SELECT COUNT(*) AS tp_count FROM `cy_order` WHERE ( (`status` = 3 and buyid=15) or (`status` = 3 and sellid=15) ) LIMIT 1   [ RunTime:0.0005s ]
SQL: SELECT `trusted` FROM `cy_user` WHERE `id` = 15 LIMIT 1   [ RunTime:0.0004s ]
SQL: SELECT COUNT(*) AS tp_count FROM `cy_evaluation` WHERE `userid` = 15 LIMIT 1   [ RunTime:0.0004s ]
NOTIC: [8] Undefined index: m /data/www/otc/ThinkPHP/Common/functions.php 第 1953 行.
SQL: SELECT `ue_img` FROM `cy_user` WHERE `id` = 4 LIMIT 1   [ RunTime:0.0004s ]
SQL: SELECT COUNT(*) AS tp_count FROM `cy_order` WHERE ( (`status` = 3 and buyid=4) or (`status` = 3 and sellid=4) ) LIMIT 1   [ RunTime:0.0005s ]
SQL: SELECT `trusted` FROM `cy_user` WHERE `id` = 4 LIMIT 1   [ RunTime:0.0004s ]
SQL: SELECT COUNT(*) AS tp_count FROM `cy_evaluation` WHERE `userid` = 4 LIMIT 1   [ RunTime:0.0004s ]
SQL: SELECT COUNT(*) AS tp_count FROM `cy_evaluation` WHERE `userid` = 4 AND `evaluation` = 'POSITIVE' LIMIT 1   [ RunTime:0.0005s ]
NOTIC: [8] Undefined index: m /data/www/otc/ThinkPHP/Common/functions.php 第 1953 行.
NOTIC: [8] Undefined index: m /data/www/otc/ThinkPHP/Common/functions.php 第 1953 行.
NOTIC: [8] Undefined index: m /data/www/otc/ThinkPHP/Common/functions.php 第 1953 行.
NOTIC: [8] Undefined index: m /data/www/otc/ThinkPHP/Common/functions.php 第 1953 行.
INFO: Run Behavior\ParseTemplateBehavior [ RunTime:0.039186s ]
INFO: [ view_parse ] --END-- [ RunTime:0.039332s ]
INFO: [ view_filter ] --START--
INFO: Run Behavior\WriteHtmlCacheBehavior [ RunTime:0.000645s ]
INFO: [ view_filter ] --END-- [ RunTime:0.000725s ]
INFO: [ app_end ] --START--
INFO: Run Behavior\ShowPageTraceBehavior [ RunTime:0.001130s ]
INFO: [ app_end ] --END-- [ RunTime:0.001238s ]

[ 2018-03-12T10:07:30+08:00 ] 208.100.26.232 /
INFO: [ app_init ] --START--
INFO: Run Behavior\BuildLiteBehavior [ RunTime:0.000015s ]
INFO: [ app_init ] --END-- [ RunTime:0.005435s ]
INFO: [ app_begin ] --START--
INFO: Run Behavior\ReadHtmlCacheBehavior [ RunTime:0.001080s ]
INFO: [ app_begin ] --END-- [ RunTime:0.001195s ]
SQL: SHOW COLUMNS FROM `cy_user_coin` [ RunTime:0.0042s ]
SQL: SELECT * FROM `cy_user_coin` WHERE `userid` = null LIMIT 1   [ RunTime:0.0007s ]
SQL: SHOW COLUMNS FROM `cy_newad` [ RunTime:0.0011s ]
SQL: SELECT * FROM `cy_newad` WHERE ( ad_type=0 ) ORDER BY price LIMIT 2   [ RunTime:0.0010s ]
SQL: SELECT * FROM `cy_newad` WHERE ( ad_type=1 ) ORDER BY price LIMIT 2   [ RunTime:0.0007s ]
INFO: [ view_parse ] --START--
INFO: [ template_filter ] --START--
INFO: Run Behavior\ContentReplaceBehavior [ RunTime:0.000257s ]
INFO: [ template_filter ] --END-- [ RunTime:0.000369s ]
NOTIC: [8] Undefined index: m /data/www/otc/ThinkPHP/Common/functions.php 第 1953 行.
NOTIC: [8] Undefined index: m /data/www/otc/ThinkPHP/Common/functions.php 第 1953 行.
NOTIC: [8] Undefined index: m /data/www/otc/ThinkPHP/Common/functions.php 第 1953 行.
NOTIC: [8] Use of undefined constant wkc - assumed 'wkc' /data/www/otc/Runtime/Cache/Home/2a94b8bda04ff446dcedd42276fc99ee.php 第 68 行.
NOTIC: [8] Undefined index: m /data/www/otc/ThinkPHP/Common/functions.php 第 1953 行.
NOTIC: [8] Undefined index: m /data/www/otc/ThinkPHP/Common/functions.php 第 1953 行.
NOTIC: [8] Undefined index: m /data/www/otc/ThinkPHP/Common/functions.php 第 1953 行.
NOTIC: [8] Undefined index: m /data/www/otc/ThinkPHP/Common/functions.php 第 1953 行.
NOTIC: [8] Undefined index: m /data/www/otc/ThinkPHP/Common/functions.php 第 1953 行.
NOTIC: [8] Undefined index: target /data/www/otc/Runtime/Cache/Home/2a94b8bda04ff446dcedd42276fc99ee.php 第 204 行.
NOTIC: [8] Undefined index: token /data/www/otc/Runtime/Cache/Home/2a94b8bda04ff446dcedd42276fc99ee.php 第 213 行.
NOTIC: [8] Undefined index: token /data/www/otc/Runtime/Cache/Home/2a94b8bda04ff446dcedd42276fc99ee.php 第 214 行.
NOTIC: [8] Undefined index: m /data/www/otc/ThinkPHP/Common/functions.php 第 1953 行.
SQL: SHOW COLUMNS FROM `cy_user` [ RunTime:0.0017s ]
SQL: SELECT `ue_img` FROM `cy_user` WHERE `id` = 16 LIMIT 1   [ RunTime:0.0005s ]
SQL: SHOW COLUMNS FROM `cy_order` [ RunTime:0.0011s ]
SQL: SELECT COUNT(*) AS tp_count FROM `cy_order` WHERE ( (`status` = 3 and buyid=16) or (`status` = 3 and sellid=16) ) LIMIT 1   [ RunTime:0.0007s ]
SQL: SELECT `trusted` FROM `cy_user` WHERE `id` = 16 LIMIT 1   [ RunTime:0.0005s ]
SQL: SHOW COLUMNS FROM `cy_evaluation` [ RunTime:0.0011s ]
SQL: SELECT COUNT(*) AS tp_count FROM `cy_evaluation` WHERE `userid` = 16 LIMIT 1   [ RunTime:0.0006s ]
SQL: SELECT COUNT(*) AS tp_count FROM `cy_evaluation` WHERE `userid` = 16 AND `evaluation` = 'POSITIVE' LIMIT 1   [ RunTime:0.0005s ]
NOTIC: [8] Undefined index: m /data/www/otc/ThinkPHP/Common/functions.php 第 1953 行.
SQL: SELECT `ue_img` FROM `cy_user` WHERE `id` = 16 LIMIT 1   [ RunTime:0.0004s ]
SQL: SELECT COUNT(*) AS tp_count FROM `cy_order` WHERE ( (`status` = 3 and buyid=16) or (`status` = 3 and sellid=16) ) LIMIT 1   [ RunTime:0.0007s ]
SQL: SELECT `trusted` FROM `cy_user` WHERE `id` = 16 LIMIT 1   [ RunTime:0.0004s ]
SQL: SELECT COUNT(*) AS tp_count FROM `cy_evaluation` WHERE `userid` = 16 LIMIT 1   [ RunTime:0.0004s ]
SQL: SELECT COUNT(*) AS tp_count FROM `cy_evaluation` WHERE `userid` = 16 AND `evaluation` = 'POSITIVE' LIMIT 1   [ RunTime:0.0005s ]
NOTIC: [8] Undefined index: m /data/www/otc/ThinkPHP/Common/functions.php 第 1953 行.
SQL: SELECT `ue_img` FROM `cy_user` WHERE `id` = 15 LIMIT 1   [ RunTime:0.0006s ]
SQL: SELECT COUNT(*) AS tp_count FROM `cy_order` WHERE ( (`status` = 3 and buyid=15) or (`status` = 3 and sellid=15) ) LIMIT 1   [ RunTime:0.0005s ]
SQL: SELECT `trusted` FROM `cy_user` WHERE `id` = 15 LIMIT 1   [ RunTime:0.0004s ]
SQL: SELECT COUNT(*) AS tp_count FROM `cy_evaluation` WHERE `userid` = 15 LIMIT 1   [ RunTime:0.0005s ]
NOTIC: [8] Undefined index: m /data/www/otc/ThinkPHP/Common/functions.php 第 1953 行.
SQL: SELECT `ue_img` FROM `cy_user` WHERE `id` = 4 LIMIT 1   [ RunTime:0.0004s ]
SQL: SELECT COUNT(*) AS tp_count FROM `cy_order` WHERE ( (`status` = 3 and buyid=4) or (`status` = 3 and sellid=4) ) LIMIT 1   [ RunTime:0.0006s ]
SQL: SELECT `trusted` FROM `cy_user` WHERE `id` = 4 LIMIT 1   [ RunTime:0.0005s ]
SQL: SELECT COUNT(*) AS tp_count FROM `cy_evaluation` WHERE `userid` = 4 LIMIT 1   [ RunTime:0.0005s ]
SQL: SELECT COUNT(*) AS tp_count FROM `cy_evaluation` WHERE `userid` = 4 AND `evaluation` = 'POSITIVE' LIMIT 1   [ RunTime:0.0005s ]
NOTIC: [8] Undefined index: m /data/www/otc/ThinkPHP/Common/functions.php 第 1953 行.
NOTIC: [8] Undefined index: m /data/www/otc/ThinkPHP/Common/functions.php 第 1953 行.
NOTIC: [8] Undefined index: m /data/www/otc/ThinkPHP/Common/functions.php 第 1953 行.
NOTIC: [8] Undefined index: m /data/www/otc/ThinkPHP/Common/functions.php 第 1953 行.
INFO: Run Behavior\ParseTemplateBehavior [ RunTime:0.036063s ]
INFO: [ view_parse ] --END-- [ RunTime:0.036143s ]
INFO: [ view_filter ] --START--
INFO: Run Behavior\WriteHtmlCacheBehavior [ RunTime:0.000709s ]
INFO: [ view_filter ] --END-- [ RunTime:0.000790s ]
INFO: [ app_end ] --START--
INFO: Run Behavior\ShowPageTraceBehavior [ RunTime:0.001118s ]
INFO: [ app_end ] --END-- [ RunTime:0.001228s ]

[ 2018-03-12T10:09:26+08:00 ] 208.100.26.232 /
INFO: [ app_init ] --START--
INFO: Run Behavior\BuildLiteBehavior [ RunTime:0.000015s ]
INFO: [ app_init ] --END-- [ RunTime:0.005226s ]
INFO: [ app_begin ] --START--
INFO: Run Behavior\ReadHtmlCacheBehavior [ RunTime:0.001022s ]
INFO: [ app_begin ] --END-- [ RunTime:0.001177s ]
SQL: SHOW COLUMNS FROM `cy_user_coin` [ RunTime:0.0019s ]
SQL: SELECT * FROM `cy_user_coin` WHERE `userid` = null LIMIT 1   [ RunTime:0.0007s ]
SQL: SHOW COLUMNS FROM `cy_newad` [ RunTime:0.0010s ]
SQL: SELECT * FROM `cy_newad` WHERE ( ad_type=0 ) ORDER BY price LIMIT 2   [ RunTime:0.0008s ]
SQL: SELECT * FROM `cy_newad` WHERE ( ad_type=1 ) ORDER BY price LIMIT 2   [ RunTime:0.0006s ]
INFO: [ view_parse ] --START--
INFO: [ template_filter ] --START--
INFO: Run Behavior\ContentReplaceBehavior [ RunTime:0.000285s ]
INFO: [ template_filter ] --END-- [ RunTime:0.000402s ]
NOTIC: [8] Undefined index: m /data/www/otc/ThinkPHP/Common/functions.php 第 1953 行.
NOTIC: [8] Undefined index: m /data/www/otc/ThinkPHP/Common/functions.php 第 1953 行.
NOTIC: [8] Undefined index: m /data/www/otc/ThinkPHP/Common/functions.php 第 1953 行.
NOTIC: [8] Use of undefined constant wkc - assumed 'wkc' /data/www/otc/Runtime/Cache/Home/2a94b8bda04ff446dcedd42276fc99ee.php 第 68 行.
NOTIC: [8] Undefined index: m /data/www/otc/ThinkPHP/Common/functions.php 第 1953 行.
NOTIC: [8] Undefined index: m /data/www/otc/ThinkPHP/Common/functions.php 第 1953 行.
NOTIC: [8] Undefined index: m /data/www/otc/ThinkPHP/Common/functions.php 第 1953 行.
NOTIC: [8] Undefined index: m /data/www/otc/ThinkPHP/Common/functions.php 第 1953 行.
NOTIC: [8] Undefined index: m /data/www/otc/ThinkPHP/Common/functions.php 第 1953 行.
NOTIC: [8] Undefined index: target /data/www/otc/Runtime/Cache/Home/2a94b8bda04ff446dcedd42276fc99ee.php 第 204 行.
NOTIC: [8] Undefined index: token /data/www/otc/Runtime/Cache/Home/2a94b8bda04ff446dcedd42276fc99ee.php 第 213 行.
NOTIC: [8] Undefined index: token /data/www/otc/Runtime/Cache/Home/2a94b8bda04ff446dcedd42276fc99ee.php 第 214 行.
NOTIC: [8] Undefined index: m /data/www/otc/ThinkPHP/Common/functions.php 第 1953 行.
SQL: SHOW COLUMNS FROM `cy_user` [ RunTime:0.0016s ]
SQL: SELECT `ue_img` FROM `cy_user` WHERE `id` = 16 LIMIT 1   [ RunTime:0.0005s ]
SQL: SHOW COLUMNS FROM `cy_order` [ RunTime:0.0010s ]
SQL: SELECT COUNT(*) AS tp_count FROM `cy_order` WHERE ( (`status` = 3 and buyid=16) or (`status` = 3 and sellid=16) ) LIMIT 1   [ RunTime:0.0006s ]
SQL: SELECT `trusted` FROM `cy_user` WHERE `id` = 16 LIMIT 1   [ RunTime:0.0004s ]
SQL: SHOW COLUMNS FROM `cy_evaluation` [ RunTime:0.0008s ]
SQL: SELECT COUNT(*) AS tp_count FROM `cy_evaluation` WHERE `userid` = 16 LIMIT 1   [ RunTime:0.0005s ]
SQL: SELECT COUNT(*) AS tp_count FROM `cy_evaluation` WHERE `userid` = 16 AND `evaluation` = 'POSITIVE' LIMIT 1   [ RunTime:0.0005s ]
NOTIC: [8] Undefined index: m /data/www/otc/ThinkPHP/Common/functions.php 第 1953 行.
SQL: SELECT `ue_img` FROM `cy_user` WHERE `id` = 16 LIMIT 1   [ RunTime:0.0004s ]
SQL: SELECT COUNT(*) AS tp_count FROM `cy_order` WHERE ( (`status` = 3 and buyid=16) or (`status` = 3 and sellid=16) ) LIMIT 1   [ RunTime:0.0005s ]
SQL: SELECT `trusted` FROM `cy_user` WHERE `id` = 16 LIMIT 1   [ RunTime:0.0004s ]
SQL: SELECT COUNT(*) AS tp_count FROM `cy_evaluation` WHERE `userid` = 16 LIMIT 1   [ RunTime:0.0004s ]
SQL: SELECT COUNT(*) AS tp_count FROM `cy_evaluation` WHERE `userid` = 16 AND `evaluation` = 'POSITIVE' LIMIT 1   [ RunTime:0.0005s ]
NOTIC: [8] Undefined index: m /data/www/otc/ThinkPHP/Common/functions.php 第 1953 行.
SQL: SELECT `ue_img` FROM `cy_user` WHERE `id` = 15 LIMIT 1   [ RunTime:0.0004s ]
SQL: SELECT COUNT(*) AS tp_count FROM `cy_order` WHERE ( (`status` = 3 and buyid=15) or (`status` = 3 and sellid=15) ) LIMIT 1   [ RunTime:0.0005s ]
SQL: SELECT `trusted` FROM `cy_user` WHERE `id` = 15 LIMIT 1   [ RunTime:0.0004s ]
SQL: SELECT COUNT(*) AS tp_count FROM `cy_evaluation` WHERE `userid` = 15 LIMIT 1   [ RunTime:0.0004s ]
NOTIC: [8] Undefined index: m /data/www/otc/ThinkPHP/Common/functions.php 第 1953 行.
SQL: SELECT `ue_img` FROM `cy_user` WHERE `id` = 4 LIMIT 1   [ RunTime:0.0005s ]
SQL: SELECT COUNT(*) AS tp_count FROM `cy_order` WHERE ( (`status` = 3 and buyid=4) or (`status` = 3 and sellid=4) ) LIMIT 1   [ RunTime:0.0006s ]
SQL: SELECT `trusted` FROM `cy_user` WHERE `id` = 4 LIMIT 1   [ RunTime:0.0004s ]
SQL: SELECT COUNT(*) AS tp_count FROM `cy_evaluation` WHERE `userid` = 4 LIMIT 1   [ RunTime:0.0004s ]
SQL: SELECT COUNT(*) AS tp_count FROM `cy_evaluation` WHERE `userid` = 4 AND `evaluation` = 'POSITIVE' LIMIT 1   [ RunTime:0.0005s ]
NOTIC: [8] Undefined index: m /data/www/otc/ThinkPHP/Common/functions.php 第 1953 行.
NOTIC: [8] Undefined index: m /data/www/otc/ThinkPHP/Common/functions.php 第 1953 行.
NOTIC: [8] Undefined index: m /data/www/otc/ThinkPHP/Common/functions.php 第 1953 行.
NOTIC: [8] Undefined index: m /data/www/otc/ThinkPHP/Common/functions.php 第 1953 行.
INFO: Run Behavior\ParseTemplateBehavior [ RunTime:0.038441s ]
INFO: [ view_parse ] --END-- [ RunTime:0.038557s ]
INFO: [ view_filter ] --START--
INFO: Run Behavior\WriteHtmlCacheBehavior [ RunTime:0.000694s ]
INFO: [ view_filter ] --END-- [ RunTime:0.000776s ]
INFO: [ app_end ] --START--
INFO: Run Behavior\ShowPageTraceBehavior [ RunTime:0.001053s ]
INFO: [ app_end ] --END-- [ RunTime:0.001145s ]

[ 2018-03-12T10:09:26+08:00 ] 208.100.26.232 /
INFO: [ app_init ] --START--
INFO: Run Behavior\BuildLiteBehavior [ RunTime:0.000013s ]
INFO: [ app_init ] --END-- [ RunTime:0.004754s ]
INFO: [ app_begin ] --START--
INFO: Run Behavior\ReadHtmlCacheBehavior [ RunTime:0.000904s ]
INFO: [ app_begin ] --END-- [ RunTime:0.001076s ]
SQL: SHOW COLUMNS FROM `cy_user_coin` [ RunTime:0.0015s ]
SQL: SELECT * FROM `cy_user_coin` WHERE `userid` = null LIMIT 1   [ RunTime:0.0007s ]
SQL: SHOW COLUMNS FROM `cy_newad` [ RunTime:0.0010s ]
SQL: SELECT * FROM `cy_newad` WHERE ( ad_type=0 ) ORDER BY price LIMIT 2   [ RunTime:0.0008s ]
SQL: SELECT * FROM `cy_newad` WHERE ( ad_type=1 ) ORDER BY price LIMIT 2   [ RunTime:0.0007s ]
INFO: [ view_parse ] --START--
INFO: [ template_filter ] --START--
INFO: Run Behavior\ContentReplaceBehavior [ RunTime:0.000262s ]
INFO: [ template_filter ] --END-- [ RunTime:0.000422s ]
NOTIC: [8] Undefined index: m /data/www/otc/ThinkPHP/Common/functions.php 第 1953 行.
NOTIC: [8] Undefined index: m /data/www/otc/ThinkPHP/Common/functions.php 第 1953 行.
NOTIC: [8] Undefined index: m /data/www/otc/ThinkPHP/Common/functions.php 第 1953 行.
NOTIC: [8] Use of undefined constant wkc - assumed 'wkc' /data/www/otc/Runtime/Cache/Home/2a94b8bda04ff446dcedd42276fc99ee.php 第 68 行.
NOTIC: [8] Undefined index: m /data/www/otc/ThinkPHP/Common/functions.php 第 1953 行.
NOTIC: [8] Undefined index: m /data/www/otc/ThinkPHP/Common/functions.php 第 1953 行.
NOTIC: [8] Undefined index: m /data/www/otc/ThinkPHP/Common/functions.php 第 1953 行.
NOTIC: [8] Undefined index: m /data/www/otc/ThinkPHP/Common/functions.php 第 1953 行.
NOTIC: [8] Undefined index: m /data/www/otc/ThinkPHP/Common/functions.php 第 1953 行.
NOTIC: [8] Undefined index: target /data/www/otc/Runtime/Cache/Home/2a94b8bda04ff446dcedd42276fc99ee.php 第 204 行.
NOTIC: [8] Undefined index: token /data/www/otc/Runtime/Cache/Home/2a94b8bda04ff446dcedd42276fc99ee.php 第 213 行.
NOTIC: [8] Undefined index: token /data/www/otc/Runtime/Cache/Home/2a94b8bda04ff446dcedd42276fc99ee.php 第 214 行.
NOTIC: [8] Undefined index: m /data/www/otc/ThinkPHP/Common/functions.php 第 1953 行.
SQL: SHOW COLUMNS FROM `cy_user` [ RunTime:0.0015s ]
SQL: SELECT `ue_img` FROM `cy_user` WHERE `id` = 16 LIMIT 1   [ RunTime:0.0007s ]
SQL: SHOW COLUMNS FROM `cy_order` [ RunTime:0.0010s ]
SQL: SELECT COUNT(*) AS tp_count FROM `cy_order` WHERE ( (`status` = 3 and buyid=16) or (`status` = 3 and sellid=16) ) LIMIT 1   [ RunTime:0.0007s ]
SQL: SELECT `trusted` FROM `cy_user` WHERE `id` = 16 LIMIT 1   [ RunTime:0.0004s ]
SQL: SHOW COLUMNS FROM `cy_evaluation` [ RunTime:0.0009s ]
SQL: SELECT COUNT(*) AS tp_count FROM `cy_evaluation` WHERE `userid` = 16 LIMIT 1   [ RunTime:0.0005s ]
SQL: SELECT COUNT(*) AS tp_count FROM `cy_evaluation` WHERE `userid` = 16 AND `evaluation` = 'POSITIVE' LIMIT 1   [ RunTime:0.0005s ]
NOTIC: [8] Undefined index: m /data/www/otc/ThinkPHP/Common/functions.php 第 1953 行.
SQL: SELECT `ue_img` FROM `cy_user` WHERE `id` = 16 LIMIT 1   [ RunTime:0.0004s ]
SQL: SELECT COUNT(*) AS tp_count FROM `cy_order` WHERE ( (`status` = 3 and buyid=16) or (`status` = 3 and sellid=16) ) LIMIT 1   [ RunTime:0.0005s ]
SQL: SELECT `trusted` FROM `cy_user` WHERE `id` = 16 LIMIT 1   [ RunTime:0.0004s ]
SQL: SELECT COUNT(*) AS tp_count FROM `cy_evaluation` WHERE `userid` = 16 LIMIT 1   [ RunTime:0.0005s ]
SQL: SELECT COUNT(*) AS tp_count FROM `cy_evaluation` WHERE `userid` = 16 AND `evaluation` = 'POSITIVE' LIMIT 1   [ RunTime:0.0004s ]
NOTIC: [8] Undefined index: m /data/www/otc/ThinkPHP/Common/functions.php 第 1953 行.
SQL: SELECT `ue_img` FROM `cy_user` WHERE `id` = 15 LIMIT 1   [ RunTime:0.0004s ]
SQL: SELECT COUNT(*) AS tp_count FROM `cy_order` WHERE ( (`status` = 3 and buyid=15) or (`status` = 3 and sellid=15) ) LIMIT 1   [ RunTime:0.0006s ]
SQL: SELECT `trusted` FROM `cy_user` WHERE `id` = 15 LIMIT 1   [ RunTime:0.0004s ]
SQL: SELECT COUNT(*) AS tp_count FROM `cy_evaluation` WHERE `userid` = 15 LIMIT 1   [ RunTime:0.0005s ]
NOTIC: [8] Undefined index: m /data/www/otc/ThinkPHP/Common/functions.php 第 1953 行.
SQL: SELECT `ue_img` FROM `cy_user` WHERE `id` = 4 LIMIT 1   [ RunTime:0.0004s ]
SQL: SELECT COUNT(*) AS tp_count FROM `cy_order` WHERE ( (`status` = 3 and buyid=4) or (`status` = 3 and sellid=4) ) LIMIT 1   [ RunTime:0.0005s ]
SQL: SELECT `trusted` FROM `cy_user` WHERE `id` = 4 LIMIT 1   [ RunTime:0.0004s ]
SQL: SELECT COUNT(*) AS tp_count FROM `cy_evaluation` WHERE `userid` = 4 LIMIT 1   [ RunTime:0.0004s ]
SQL: SELECT COUNT(*) AS tp_count FROM `cy_evaluation` WHERE `userid` = 4 AND `evaluation` = 'POSITIVE' LIMIT 1   [ RunTime:0.0005s ]
NOTIC: [8] Undefined index: m /data/www/otc/ThinkPHP/Common/functions.php 第 1953 行.
NOTIC: [8] Undefined index: m /data/www/otc/ThinkPHP/Common/functions.php 第 1953 行.
NOTIC: [8] Undefined index: m /data/www/otc/ThinkPHP/Common/functions.php 第 1953 行.
NOTIC: [8] Undefined index: m /data/www/otc/ThinkPHP/Common/functions.php 第 1953 行.
INFO: Run Behavior\ParseTemplateBehavior [ RunTime:0.039058s ]
INFO: [ view_parse ] --END-- [ RunTime:0.039138s ]
INFO: [ view_filter ] --START--
INFO: Run Behavior\WriteHtmlCacheBehavior [ RunTime:0.000731s ]
INFO: [ view_filter ] --END-- [ RunTime:0.000812s ]
INFO: [ app_end ] --START--
INFO: Run Behavior\ShowPageTraceBehavior [ RunTime:0.001068s ]
INFO: [ app_end ] --END-- [ RunTime:0.001233s ]

[ 2018-03-12T10:09:27+08:00 ] 208.100.26.232 /
INFO: [ app_init ] --START--
INFO: Run Behavior\BuildLiteBehavior [ RunTime:0.000013s ]
INFO: [ app_init ] --END-- [ RunTime:0.004785s ]
INFO: [ app_begin ] --START--
INFO: Run Behavior\ReadHtmlCacheBehavior [ RunTime:0.000955s ]
INFO: [ app_begin ] --END-- [ RunTime:0.001061s ]
SQL: SHOW COLUMNS FROM `cy_user_coin` [ RunTime:0.0016s ]
SQL: SELECT * FROM `cy_user_coin` WHERE `userid` = null LIMIT 1   [ RunTime:0.0006s ]
SQL: SHOW COLUMNS FROM `cy_newad` [ RunTime:0.0010s ]
SQL: SELECT * FROM `cy_newad` WHERE ( ad_type=0 ) ORDER BY price LIMIT 2   [ RunTime:0.0008s ]
SQL: SELECT * FROM `cy_newad` WHERE ( ad_type=1 ) ORDER BY price LIMIT 2   [ RunTime:0.0007s ]
INFO: [ view_parse ] --START--
INFO: [ template_filter ] --START--
INFO: Run Behavior\ContentReplaceBehavior [ RunTime:0.000269s ]
INFO: [ template_filter ] --END-- [ RunTime:0.000375s ]
NOTIC: [8] Undefined index: m /data/www/otc/ThinkPHP/Common/functions.php 第 1953 行.
NOTIC: [8] Undefined index: m /data/www/otc/ThinkPHP/Common/functions.php 第 1953 行.
NOTIC: [8] Undefined index: m /data/www/otc/ThinkPHP/Common/functions.php 第 1953 行.
NOTIC: [8] Use of undefined constant wkc - assumed 'wkc' /data/www/otc/Runtime/Cache/Home/2a94b8bda04ff446dcedd42276fc99ee.php 第 68 行.
NOTIC: [8] Undefined index: m /data/www/otc/ThinkPHP/Common/functions.php 第 1953 行.
NOTIC: [8] Undefined index: m /data/www/otc/ThinkPHP/Common/functions.php 第 1953 行.
NOTIC: [8] Undefined index: m /data/www/otc/ThinkPHP/Common/functions.php 第 1953 行.
NOTIC: [8] Undefined index: m /data/www/otc/ThinkPHP/Common/functions.php 第 1953 行.
NOTIC: [8] Undefined index: m /data/www/otc/ThinkPHP/Common/functions.php 第 1953 行.
NOTIC: [8] Undefined index: target /data/www/otc/Runtime/Cache/Home/2a94b8bda04ff446dcedd42276fc99ee.php 第 204 行.
NOTIC: [8] Undefined index: token /data/www/otc/Runtime/Cache/Home/2a94b8bda04ff446dcedd42276fc99ee.php 第 213 行.
NOTIC: [8] Undefined index: token /data/www/otc/Runtime/Cache/Home/2a94b8bda04ff446dcedd42276fc99ee.php 第 214 行.
NOTIC: [8] Undefined index: m /data/www/otc/ThinkPHP/Common/functions.php 第 1953 行.
SQL: SHOW COLUMNS FROM `cy_user` [ RunTime:0.0013s ]
SQL: SELECT `ue_img` FROM `cy_user` WHERE `id` = 16 LIMIT 1   [ RunTime:0.0005s ]
SQL: SHOW COLUMNS FROM `cy_order` [ RunTime:0.0011s ]
SQL: SELECT COUNT(*) AS tp_count FROM `cy_order` WHERE ( (`status` = 3 and buyid=16) or (`status` = 3 and sellid=16) ) LIMIT 1   [ RunTime:0.0006s ]
SQL: SELECT `trusted` FROM `cy_user` WHERE `id` = 16 LIMIT 1   [ RunTime:0.0004s ]
SQL: SHOW COLUMNS FROM `cy_evaluation` [ RunTime:0.0009s ]
SQL: SELECT COUNT(*) AS tp_count FROM `cy_evaluation` WHERE `userid` = 16 LIMIT 1   [ RunTime:0.0005s ]
SQL: SELECT COUNT(*) AS tp_count FROM `cy_evaluation` WHERE `userid` = 16 AND `evaluation` = 'POSITIVE' LIMIT 1   [ RunTime:0.0005s ]
NOTIC: [8] Undefined index: m /data/www/otc/ThinkPHP/Common/functions.php 第 1953 行.
SQL: SELECT `ue_img` FROM `cy_user` WHERE `id` = 16 LIMIT 1   [ RunTime:0.0004s ]
SQL: SELECT COUNT(*) AS tp_count FROM `cy_order` WHERE ( (`status` = 3 and buyid=16) or (`status` = 3 and sellid=16) ) LIMIT 1   [ RunTime:0.0005s ]
SQL: SELECT `trusted` FROM `cy_user` WHERE `id` = 16 LIMIT 1   [ RunTime:0.0004s ]
SQL: SELECT COUNT(*) AS tp_count FROM `cy_evaluation` WHERE `userid` = 16 LIMIT 1   [ RunTime:0.0004s ]
SQL: SELECT COUNT(*) AS tp_count FROM `cy_evaluation` WHERE `userid` = 16 AND `evaluation` = 'POSITIVE' LIMIT 1   [ RunTime:0.0005s ]
NOTIC: [8] Undefined index: m /data/www/otc/ThinkPHP/Common/functions.php 第 1953 行.
SQL: SELECT `ue_img` FROM `cy_user` WHERE `id` = 15 LIMIT 1   [ RunTime:0.0005s ]
SQL: SELECT COUNT(*) AS tp_count FROM `cy_order` WHERE ( (`status` = 3 and buyid=15) or (`status` = 3 and sellid=15) ) LIMIT 1   [ RunTime:0.0005s ]
SQL: SELECT `trusted` FROM `cy_user` WHERE `id` = 15 LIMIT 1   [ RunTime:0.0004s ]
SQL: SELECT COUNT(*) AS tp_count FROM `cy_evaluation` WHERE `userid` = 15 LIMIT 1   [ RunTime:0.0005s ]
NOTIC: [8] Undefined index: m /data/www/otc/ThinkPHP/Common/functions.php 第 1953 行.
SQL: SELECT `ue_img` FROM `cy_user` WHERE `id` = 4 LIMIT 1   [ RunTime:0.0004s ]
SQL: SELECT COUNT(*) AS tp_count FROM `cy_order` WHERE ( (`status` = 3 and buyid=4) or (`status` = 3 and sellid=4) ) LIMIT 1   [ RunTime:0.0005s ]
SQL: SELECT `trusted` FROM `cy_user` WHERE `id` = 4 LIMIT 1   [ RunTime:0.0004s ]
SQL: SELECT COUNT(*) AS tp_count FROM `cy_evaluation` WHERE `userid` = 4 LIMIT 1   [ RunTime:0.0004s ]
SQL: SELECT COUNT(*) AS tp_count FROM `cy_evaluation` WHERE `userid` = 4 AND `evaluation` = 'POSITIVE' LIMIT 1   [ RunTime:0.0005s ]
NOTIC: [8] Undefined index: m /data/www/otc/ThinkPHP/Common/functions.php 第 1953 行.
NOTIC: [8] Undefined index: m /data/www/otc/ThinkPHP/Common/functions.php 第 1953 行.
NOTIC: [8] Undefined index: m /data/www/otc/ThinkPHP/Common/functions.php 第 1953 行.
NOTIC: [8] Undefined index: m /data/www/otc/ThinkPHP/Common/functions.php 第 1953 行.
INFO: Run Behavior\ParseTemplateBehavior [ RunTime:0.033263s ]
INFO: [ view_parse ] --END-- [ RunTime:0.033341s ]
INFO: [ view_filter ] --START--
INFO: Run Behavior\WriteHtmlCacheBehavior [ RunTime:0.000649s ]
INFO: [ view_filter ] --END-- [ RunTime:0.000728s ]
INFO: [ app_end ] --START--
INFO: Run Behavior\ShowPageTraceBehavior [ RunTime:0.001061s ]
INFO: [ app_end ] --END-- [ RunTime:0.001167s ]

[ 2018-03-12T11:36:10+08:00 ] 159.65.141.232 /zx425/defaultf/login
INFO: [ app_init ] --START--
INFO: Run Behavior\BuildLiteBehavior [ RunTime:0.000013s ]
INFO: [ app_init ] --END-- [ RunTime:0.005431s ]
INFO: [ app_begin ] --START--
INFO: Run Behavior\ReadHtmlCacheBehavior [ RunTime:0.001282s ]
INFO: [ app_begin ] --END-- [ RunTime:0.001391s ]
ERR: 无法加载控制器:Zx425

[ 2018-03-12T12:06:32+08:00 ] 54.191.247.112 /
INFO: [ app_init ] --START--
INFO: Run Behavior\BuildLiteBehavior [ RunTime:0.000016s ]
INFO: [ app_init ] --END-- [ RunTime:0.005168s ]
INFO: [ app_begin ] --START--
INFO: Run Behavior\ReadHtmlCacheBehavior [ RunTime:0.000949s ]
INFO: [ app_begin ] --END-- [ RunTime:0.001061s ]
SQL: SHOW COLUMNS FROM `cy_user_coin` [ RunTime:0.0024s ]
SQL: SELECT * FROM `cy_user_coin` WHERE `userid` = null LIMIT 1   [ RunTime:0.0007s ]
SQL: SHOW COLUMNS FROM `cy_newad` [ RunTime:0.0010s ]
SQL: SELECT * FROM `cy_newad` WHERE ( ad_type=0 ) ORDER BY price LIMIT 2   [ RunTime:0.0010s ]
SQL: SELECT * FROM `cy_newad` WHERE ( ad_type=1 ) ORDER BY price LIMIT 2   [ RunTime:0.0006s ]
INFO: [ view_parse ] --START--
INFO: [ template_filter ] --START--
INFO: Run Behavior\ContentReplaceBehavior [ RunTime:0.000245s ]
INFO: [ template_filter ] --END-- [ RunTime:0.000382s ]
NOTIC: [8] Undefined index: m /data/www/otc/ThinkPHP/Common/functions.php 第 1953 行.
NOTIC: [8] Undefined index: m /data/www/otc/ThinkPHP/Common/functions.php 第 1953 行.
NOTIC: [8] Undefined index: m /data/www/otc/ThinkPHP/Common/functions.php 第 1953 行.
NOTIC: [8] Use of undefined constant wkc - assumed 'wkc' /data/www/otc/Runtime/Cache/Home/2a94b8bda04ff446dcedd42276fc99ee.php 第 68 行.
NOTIC: [8] Undefined index: m /data/www/otc/ThinkPHP/Common/functions.php 第 1953 行.
NOTIC: [8] Undefined index: m /data/www/otc/ThinkPHP/Common/functions.php 第 1953 行.
NOTIC: [8] Undefined index: m /data/www/otc/ThinkPHP/Common/functions.php 第 1953 行.
NOTIC: [8] Undefined index: m /data/www/otc/ThinkPHP/Common/functions.php 第 1953 行.
NOTIC: [8] Undefined index: m /data/www/otc/ThinkPHP/Common/functions.php 第 1953 行.
NOTIC: [8] Undefined index: target /data/www/otc/Runtime/Cache/Home/2a94b8bda04ff446dcedd42276fc99ee.php 第 204 行.
NOTIC: [8] Undefined index: token /data/www/otc/Runtime/Cache/Home/2a94b8bda04ff446dcedd42276fc99ee.php 第 213 行.
NOTIC: [8] Undefined index: token /data/www/otc/Runtime/Cache/Home/2a94b8bda04ff446dcedd42276fc99ee.php 第 214 行.
NOTIC: [8] Undefined index: m /data/www/otc/ThinkPHP/Common/functions.php 第 1953 行.
SQL: SHOW COLUMNS FROM `cy_user` [ RunTime:0.0016s ]
SQL: SELECT `ue_img` FROM `cy_user` WHERE `id` = 16 LIMIT 1   [ RunTime:0.0006s ]
SQL: SHOW COLUMNS FROM `cy_order` [ RunTime:0.0010s ]
SQL: SELECT COUNT(*) AS tp_count FROM `cy_order` WHERE ( (`status` = 3 and buyid=16) or (`status` = 3 and sellid=16) ) LIMIT 1   [ RunTime:0.0006s ]
SQL: SELECT `trusted` FROM `cy_user` WHERE `id` = 16 LIMIT 1   [ RunTime:0.0004s ]
SQL: SHOW COLUMNS FROM `cy_evaluation` [ RunTime:0.0009s ]
SQL: SELECT COUNT(*) AS tp_count FROM `cy_evaluation` WHERE `userid` = 16 LIMIT 1   [ RunTime:0.0005s ]
SQL: SELECT COUNT(*) AS tp_count FROM `cy_evaluation` WHERE `userid` = 16 AND `evaluation` = 'POSITIVE' LIMIT 1   [ RunTime:0.0006s ]
NOTIC: [8] Undefined index: m /data/www/otc/ThinkPHP/Common/functions.php 第 1953 行.
SQL: SELECT `ue_img` FROM `cy_user` WHERE `id` = 16 LIMIT 1   [ RunTime:0.0004s ]
SQL: SELECT COUNT(*) AS tp_count FROM `cy_order` WHERE ( (`status` = 3 and buyid=16) or (`status` = 3 and sellid=16) ) LIMIT 1   [ RunTime:0.0005s ]
SQL: SELECT `trusted` FROM `cy_user` WHERE `id` = 16 LIMIT 1   [ RunTime:0.0005s ]
SQL: SELECT COUNT(*) AS tp_count FROM `cy_evaluation` WHERE `userid` = 16 LIMIT 1   [ RunTime:0.0006s ]
SQL: SELECT COUNT(*) AS tp_count FROM `cy_evaluation` WHERE `userid` = 16 AND `evaluation` = 'POSITIVE' LIMIT 1   [ RunTime:0.0005s ]
NOTIC: [8] Undefined index: m /data/www/otc/ThinkPHP/Common/functions.php 第 1953 行.
SQL: SELECT `ue_img` FROM `cy_user` WHERE `id` = 15 LIMIT 1   [ RunTime:0.0005s ]
SQL: SELECT COUNT(*) AS tp_count FROM `cy_order` WHERE ( (`status` = 3 and buyid=15) or (`status` = 3 and sellid=15) ) LIMIT 1   [ RunTime:0.0005s ]
SQL: SELECT `trusted` FROM `cy_user` WHERE `id` = 15 LIMIT 1   [ RunTime:0.0004s ]
SQL: SELECT COUNT(*) AS tp_count FROM `cy_evaluation` WHERE `userid` = 15 LIMIT 1   [ RunTime:0.0005s ]
NOTIC: [8] Undefined index: m /data/www/otc/ThinkPHP/Common/functions.php 第 1953 行.
SQL: SELECT `ue_img` FROM `cy_user` WHERE `id` = 4 LIMIT 1   [ RunTime:0.0004s ]
SQL: SELECT COUNT(*) AS tp_count FROM `cy_order` WHERE ( (`status` = 3 and buyid=4) or (`status` = 3 and sellid=4) ) LIMIT 1   [ RunTime:0.0005s ]
SQL: SELECT `trusted` FROM `cy_user` WHERE `id` = 4 LIMIT 1   [ RunTime:0.0004s ]
SQL: SELECT COUNT(*) AS tp_count FROM `cy_evaluation` WHERE `userid` = 4 LIMIT 1   [ RunTime:0.0004s ]
SQL: SELECT COUNT(*) AS tp_count FROM `cy_evaluation` WHERE `userid` = 4 AND `evaluation` = 'POSITIVE' LIMIT 1   [ RunTime:0.0005s ]
NOTIC: [8] Undefined index: m /data/www/otc/ThinkPHP/Common/functions.php 第 1953 行.
NOTIC: [8] Undefined index: m /data/www/otc/ThinkPHP/Common/functions.php 第 1953 行.
NOTIC: [8] Undefined index: m /data/www/otc/ThinkPHP/Common/functions.php 第 1953 行.
NOTIC: [8] Undefined index: m /data/www/otc/ThinkPHP/Common/functions.php 第 1953 行.
INFO: Run Behavior\ParseTemplateBehavior [ RunTime:0.035198s ]
INFO: [ view_parse ] --END-- [ RunTime:0.035283s ]
INFO: [ view_filter ] --START--
INFO: Run Behavior\WriteHtmlCacheBehavior [ RunTime:0.000784s ]
INFO: [ view_filter ] --END-- [ RunTime:0.000864s ]
INFO: [ app_end ] --START--
INFO: Run Behavior\ShowPageTraceBehavior [ RunTime:0.001260s ]
INFO: [ app_end ] --END-- [ RunTime:0.001372s ]

[ 2018-03-12T12:47:20+08:00 ] 47.203.91.64 /
INFO: [ app_init ] --START--
INFO: Run Behavior\BuildLiteBehavior [ RunTime:0.000017s ]
INFO: [ app_init ] --END-- [ RunTime:0.005593s ]
INFO: [ app_begin ] --START--
INFO: Run Behavior\ReadHtmlCacheBehavior [ RunTime:0.001037s ]
INFO: [ app_begin ] --END-- [ RunTime:0.001146s ]
SQL: SHOW COLUMNS FROM `cy_user_coin` [ RunTime:0.0025s ]
SQL: SELECT * FROM `cy_user_coin` WHERE `userid` = null LIMIT 1   [ RunTime:0.0008s ]
SQL: SHOW COLUMNS FROM `cy_newad` [ RunTime:0.0011s ]
SQL: SELECT * FROM `cy_newad` WHERE ( ad_type=0 ) ORDER BY price LIMIT 2   [ RunTime:0.0009s ]
SQL: SELECT * FROM `cy_newad` WHERE ( ad_type=1 ) ORDER BY price LIMIT 2   [ RunTime:0.0007s ]
INFO: [ view_parse ] --START--
INFO: [ template_filter ] --START--
INFO: Run Behavior\ContentReplaceBehavior [ RunTime:0.000254s ]
INFO: [ template_filter ] --END-- [ RunTime:0.000395s ]
NOTIC: [8] Undefined index: m /data/www/otc/ThinkPHP/Common/functions.php 第 1953 行.
NOTIC: [8] Undefined index: m /data/www/otc/ThinkPHP/Common/functions.php 第 1953 行.
NOTIC: [8] Undefined index: m /data/www/otc/ThinkPHP/Common/functions.php 第 1953 行.
NOTIC: [8] Use of undefined constant wkc - assumed 'wkc' /data/www/otc/Runtime/Cache/Home/2a94b8bda04ff446dcedd42276fc99ee.php 第 68 行.
NOTIC: [8] Undefined index: m /data/www/otc/ThinkPHP/Common/functions.php 第 1953 行.
NOTIC: [8] Undefined index: m /data/www/otc/ThinkPHP/Common/functions.php 第 1953 行.
NOTIC: [8] Undefined index: m /data/www/otc/ThinkPHP/Common/functions.php 第 1953 行.
NOTIC: [8] Undefined index: m /data/www/otc/ThinkPHP/Common/functions.php 第 1953 行.
NOTIC: [8] Undefined index: m /data/www/otc/ThinkPHP/Common/functions.php 第 1953 行.
NOTIC: [8] Undefined index: target /data/www/otc/Runtime/Cache/Home/2a94b8bda04ff446dcedd42276fc99ee.php 第 204 行.
NOTIC: [8] Undefined index: token /data/www/otc/Runtime/Cache/Home/2a94b8bda04ff446dcedd42276fc99ee.php 第 213 行.
NOTIC: [8] Undefined index: token /data/www/otc/Runtime/Cache/Home/2a94b8bda04ff446dcedd42276fc99ee.php 第 214 行.
NOTIC: [8] Undefined index: m /data/www/otc/ThinkPHP/Common/functions.php 第 1953 行.
SQL: SHOW COLUMNS FROM `cy_user` [ RunTime:0.0017s ]
SQL: SELECT `ue_img` FROM `cy_user` WHERE `id` = 16 LIMIT 1   [ RunTime:0.0005s ]
SQL: SHOW COLUMNS FROM `cy_order` [ RunTime:0.0010s ]
SQL: SELECT COUNT(*) AS tp_count FROM `cy_order` WHERE ( (`status` = 3 and buyid=16) or (`status` = 3 and sellid=16) ) LIMIT 1   [ RunTime:0.0008s ]
SQL: SELECT `trusted` FROM `cy_user` WHERE `id` = 16 LIMIT 1   [ RunTime:0.0004s ]
SQL: SHOW COLUMNS FROM `cy_evaluation` [ RunTime:0.0008s ]
SQL: SELECT COUNT(*) AS tp_count FROM `cy_evaluation` WHERE `userid` = 16 LIMIT 1   [ RunTime:0.0005s ]
SQL: SELECT COUNT(*) AS tp_count FROM `cy_evaluation` WHERE `userid` = 16 AND `evaluation` = 'POSITIVE' LIMIT 1   [ RunTime:0.0005s ]
NOTIC: [8] Undefined index: m /data/www/otc/ThinkPHP/Common/functions.php 第 1953 行.
SQL: SELECT `ue_img` FROM `cy_user` WHERE `id` = 16 LIMIT 1   [ RunTime:0.0004s ]
SQL: SELECT COUNT(*) AS tp_count FROM `cy_order` WHERE ( (`status` = 3 and buyid=16) or (`status` = 3 and sellid=16) ) LIMIT 1   [ RunTime:0.0006s ]
SQL: SELECT `trusted` FROM `cy_user` WHERE `id` = 16 LIMIT 1   [ RunTime:0.0004s ]
SQL: SELECT COUNT(*) AS tp_count FROM `cy_evaluation` WHERE `userid` = 16 LIMIT 1   [ RunTime:0.0004s ]
SQL: SELECT COUNT(*) AS tp_count FROM `cy_evaluation` WHERE `userid` = 16 AND `evaluation` = 'POSITIVE' LIMIT 1   [ RunTime:0.0005s ]
NOTIC: [8] Undefined index: m /data/www/otc/ThinkPHP/Common/functions.php 第 1953 行.
SQL: SELECT `ue_img` FROM `cy_user` WHERE `id` = 15 LIMIT 1   [ RunTime:0.0004s ]
SQL: SELECT COUNT(*) AS tp_count FROM `cy_order` WHERE ( (`status` = 3 and buyid=15) or (`status` = 3 and sellid=15) ) LIMIT 1   [ RunTime:0.0005s ]
SQL: SELECT `trusted` FROM `cy_user` WHERE `id` = 15 LIMIT 1   [ RunTime:0.0004s ]
SQL: SELECT COUNT(*) AS tp_count FROM `cy_evaluation` WHERE `userid` = 15 LIMIT 1   [ RunTime:0.0005s ]
NOTIC: [8] Undefined index: m /data/www/otc/ThinkPHP/Common/functions.php 第 1953 行.
SQL: SELECT `ue_img` FROM `cy_user` WHERE `id` = 4 LIMIT 1   [ RunTime:0.0004s ]
SQL: SELECT COUNT(*) AS tp_count FROM `cy_order` WHERE ( (`status` = 3 and buyid=4) or (`status` = 3 and sellid=4) ) LIMIT 1   [ RunTime:0.0005s ]
SQL: SELECT `trusted` FROM `cy_user` WHERE `id` = 4 LIMIT 1   [ RunTime:0.0004s ]
SQL: SELECT COUNT(*) AS tp_count FROM `cy_evaluation` WHERE `userid` = 4 LIMIT 1   [ RunTime:0.0004s ]
SQL: SELECT COUNT(*) AS tp_count FROM `cy_evaluation` WHERE `userid` = 4 AND `evaluation` = 'POSITIVE' LIMIT 1   [ RunTime:0.0005s ]
NOTIC: [8] Undefined index: m /data/www/otc/ThinkPHP/Common/functions.php 第 1953 行.
NOTIC: [8] Undefined index: m /data/www/otc/ThinkPHP/Common/functions.php 第 1953 行.
NOTIC: [8] Undefined index: m /data/www/otc/ThinkPHP/Common/functions.php 第 1953 行.
NOTIC: [8] Undefined index: m /data/www/otc/ThinkPHP/Common/functions.php 第 1953 行.
INFO: Run Behavior\ParseTemplateBehavior [ RunTime:0.034332s ]
INFO: [ view_parse ] --END-- [ RunTime:0.034416s ]
INFO: [ view_filter ] --START--
INFO: Run Behavior\WriteHtmlCacheBehavior [ RunTime:0.000714s ]
INFO: [ view_filter ] --END-- [ RunTime:0.000794s ]
INFO: [ app_end ] --START--
INFO: Run Behavior\ShowPageTraceBehavior [ RunTime:0.001127s ]
INFO: [ app_end ] --END-- [ RunTime:0.001238s ]

[ 2018-03-12T14:02:55+08:00 ] 123.157.235.22 /
INFO: [ app_init ] --START--
INFO: Run Behavior\BuildLiteBehavior [ RunTime:0.000013s ]
INFO: [ app_init ] --END-- [ RunTime:0.005015s ]
INFO: [ app_begin ] --START--
INFO: Run Behavior\ReadHtmlCacheBehavior [ RunTime:0.001010s ]
INFO: [ app_begin ] --END-- [ RunTime:0.001116s ]
SQL: SHOW COLUMNS FROM `cy_user_coin` [ RunTime:0.0025s ]
SQL: SELECT * FROM `cy_user_coin` WHERE `userid` = null LIMIT 1   [ RunTime:0.0007s ]
SQL: SHOW COLUMNS FROM `cy_newad` [ RunTime:0.0011s ]
SQL: SELECT * FROM `cy_newad` WHERE ( ad_type=0 ) ORDER BY price LIMIT 2   [ RunTime:0.0010s ]
SQL: SELECT * FROM `cy_newad` WHERE ( ad_type=1 ) ORDER BY price LIMIT 2   [ RunTime:0.0007s ]
INFO: [ view_parse ] --START--
INFO: [ template_filter ] --START--
INFO: Run Behavior\ContentReplaceBehavior [ RunTime:0.000263s ]
INFO: [ template_filter ] --END-- [ RunTime:0.000358s ]
NOTIC: [8] Undefined index: m /data/www/otc/ThinkPHP/Common/functions.php 第 1953 行.
NOTIC: [8] Undefined index: m /data/www/otc/ThinkPHP/Common/functions.php 第 1953 行.
NOTIC: [8] Undefined index: m /data/www/otc/ThinkPHP/Common/functions.php 第 1953 行.
NOTIC: [8] Use of undefined constant wkc - assumed 'wkc' /data/www/otc/Runtime/Cache/Home/2a94b8bda04ff446dcedd42276fc99ee.php 第 68 行.
NOTIC: [8] Undefined index: m /data/www/otc/ThinkPHP/Common/functions.php 第 1953 行.
NOTIC: [8] Undefined index: m /data/www/otc/ThinkPHP/Common/functions.php 第 1953 行.
NOTIC: [8] Undefined index: m /data/www/otc/ThinkPHP/Common/functions.php 第 1953 行.
NOTIC: [8] Undefined index: m /data/www/otc/ThinkPHP/Common/functions.php 第 1953 行.
NOTIC: [8] Undefined index: m /data/www/otc/ThinkPHP/Common/functions.php 第 1953 行.
NOTIC: [8] Undefined index: target /data/www/otc/Runtime/Cache/Home/2a94b8bda04ff446dcedd42276fc99ee.php 第 204 行.
NOTIC: [8] Undefined index: token /data/www/otc/Runtime/Cache/Home/2a94b8bda04ff446dcedd42276fc99ee.php 第 213 行.
NOTIC: [8] Undefined index: token /data/www/otc/Runtime/Cache/Home/2a94b8bda04ff446dcedd42276fc99ee.php 第 214 行.
NOTIC: [8] Undefined index: m /data/www/otc/ThinkPHP/Common/functions.php 第 1953 行.
SQL: SHOW COLUMNS FROM `cy_user` [ RunTime:0.0013s ]
SQL: SELECT `ue_img` FROM `cy_user` WHERE `id` = 16 LIMIT 1   [ RunTime:0.0005s ]
SQL: SHOW COLUMNS FROM `cy_order` [ RunTime:0.0010s ]
SQL: SELECT COUNT(*) AS tp_count FROM `cy_order` WHERE ( (`status` = 3 and buyid=16) or (`status` = 3 and sellid=16) ) LIMIT 1   [ RunTime:0.0007s ]
SQL: SELECT `trusted` FROM `cy_user` WHERE `id` = 16 LIMIT 1   [ RunTime:0.0004s ]
SQL: SHOW COLUMNS FROM `cy_evaluation` [ RunTime:0.0008s ]
SQL: SELECT COUNT(*) AS tp_count FROM `cy_evaluation` WHERE `userid` = 16 LIMIT 1   [ RunTime:0.0005s ]
SQL: SELECT COUNT(*) AS tp_count FROM `cy_evaluation` WHERE `userid` = 16 AND `evaluation` = 'POSITIVE' LIMIT 1   [ RunTime:0.0005s ]
NOTIC: [8] Undefined index: m /data/www/otc/ThinkPHP/Common/functions.php 第 1953 行.
SQL: SELECT `ue_img` FROM `cy_user` WHERE `id` = 16 LIMIT 1   [ RunTime:0.0004s ]
SQL: SELECT COUNT(*) AS tp_count FROM `cy_order` WHERE ( (`status` = 3 and buyid=16) or (`status` = 3 and sellid=16) ) LIMIT 1   [ RunTime:0.0005s ]
SQL: SELECT `trusted` FROM `cy_user` WHERE `id` = 16 LIMIT 1   [ RunTime:0.0004s ]
SQL: SELECT COUNT(*) AS tp_count FROM `cy_evaluation` WHERE `userid` = 16 LIMIT 1   [ RunTime:0.0004s ]
SQL: SELECT COUNT(*) AS tp_count FROM `cy_evaluation` WHERE `userid` = 16 AND `evaluation` = 'POSITIVE' LIMIT 1   [ RunTime:0.0005s ]
NOTIC: [8] Undefined index: m /data/www/otc/ThinkPHP/Common/functions.php 第 1953 行.
SQL: SELECT `ue_img` FROM `cy_user` WHERE `id` = 15 LIMIT 1   [ RunTime:0.0004s ]
SQL: SELECT COUNT(*) AS tp_count FROM `cy_order` WHERE ( (`status` = 3 and buyid=15) or (`status` = 3 and sellid=15) ) LIMIT 1   [ RunTime:0.0005s ]
SQL: SELECT `trusted` FROM `cy_user` WHERE `id` = 15 LIMIT 1   [ RunTime:0.0004s ]
SQL: SELECT COUNT(*) AS tp_count FROM `cy_evaluation` WHERE `userid` = 15 LIMIT 1   [ RunTime:0.0004s ]
NOTIC: [8] Undefined index: m /data/www/otc/ThinkPHP/Common/functions.php 第 1953 行.
SQL: SELECT `ue_img` FROM `cy_user` WHERE `id` = 4 LIMIT 1   [ RunTime:0.0004s ]
SQL: SELECT COUNT(*) AS tp_count FROM `cy_order` WHERE ( (`status` = 3 and buyid=4) or (`status` = 3 and sellid=4) ) LIMIT 1   [ RunTime:0.0005s ]
SQL: SELECT `trusted` FROM `cy_user` WHERE `id` = 4 LIMIT 1   [ RunTime:0.0004s ]
SQL: SELECT COUNT(*) AS tp_count FROM `cy_evaluation` WHERE `userid` = 4 LIMIT 1   [ RunTime:0.0004s ]
SQL: SELECT COUNT(*) AS tp_count FROM `cy_evaluation` WHERE `userid` = 4 AND `evaluation` = 'POSITIVE' LIMIT 1   [ RunTime:0.0006s ]
NOTIC: [8] Undefined index: m /data/www/otc/ThinkPHP/Common/functions.php 第 1953 行.
NOTIC: [8] Undefined index: m /data/www/otc/ThinkPHP/Common/functions.php 第 1953 行.
NOTIC: [8] Undefined index: m /data/www/otc/ThinkPHP/Common/functions.php 第 1953 行.
NOTIC: [8] Undefined index: m /data/www/otc/ThinkPHP/Common/functions.php 第 1953 行.
INFO: Run Behavior\ParseTemplateBehavior [ RunTime:0.033594s ]
INFO: [ view_parse ] --END-- [ RunTime:0.033673s ]
INFO: [ view_filter ] --START--
INFO: Run Behavior\WriteHtmlCacheBehavior [ RunTime:0.000659s ]
INFO: [ view_filter ] --END-- [ RunTime:0.000739s ]
INFO: [ app_end ] --START--
INFO: Run Behavior\ShowPageTraceBehavior [ RunTime:0.001039s ]
INFO: [ app_end ] --END-- [ RunTime:0.001147s ]

[ 2018-03-12T15:01:54+08:00 ] 221.229.166.6 /phpmyadmin
INFO: [ app_init ] --START--
INFO: Run Behavior\BuildLiteBehavior [ RunTime:0.000012s ]
INFO: [ app_init ] --END-- [ RunTime:0.005199s ]
INFO: [ app_begin ] --START--
INFO: Run Behavior\ReadHtmlCacheBehavior [ RunTime:0.001004s ]
INFO: [ app_begin ] --END-- [ RunTime:0.001140s ]
ERR: 无法加载控制器:Phpmyadmin

[ 2018-03-12T15:02:15+08:00 ] 221.229.166.6 /phpmyadmin
INFO: [ app_init ] --START--
INFO: Run Behavior\BuildLiteBehavior [ RunTime:0.000012s ]
INFO: [ app_init ] --END-- [ RunTime:0.005055s ]
INFO: [ app_begin ] --START--
INFO: Run Behavior\ReadHtmlCacheBehavior [ RunTime:0.001060s ]
INFO: [ app_begin ] --END-- [ RunTime:0.001182s ]
ERR: 无法加载控制器:Phpmyadmin

[ 2018-03-12T18:41:44+08:00 ] 172.104.108.109 /
INFO: [ app_init ] --START--
INFO: Run Behavior\BuildLiteBehavior [ RunTime:0.000013s ]
INFO: [ app_init ] --END-- [ RunTime:0.005242s ]
INFO: [ app_begin ] --START--
INFO: Run Behavior\ReadHtmlCacheBehavior [ RunTime:0.000999s ]
INFO: [ app_begin ] --END-- [ RunTime:0.001106s ]
SQL: SHOW COLUMNS FROM `cy_user_coin` [ RunTime:0.0027s ]
SQL: SELECT * FROM `cy_user_coin` WHERE `userid` = null LIMIT 1   [ RunTime:0.0006s ]
SQL: SHOW COLUMNS FROM `cy_newad` [ RunTime:0.0010s ]
SQL: SELECT * FROM `cy_newad` WHERE ( ad_type=0 ) ORDER BY price LIMIT 2   [ RunTime:0.0009s ]
SQL: SELECT * FROM `cy_newad` WHERE ( ad_type=1 ) ORDER BY price LIMIT 2   [ RunTime:0.0006s ]
INFO: [ view_parse ] --START--
INFO: [ template_filter ] --START--
INFO: Run Behavior\ContentReplaceBehavior [ RunTime:0.000271s ]
INFO: [ template_filter ] --END-- [ RunTime:0.000378s ]
NOTIC: [8] Undefined index: m /data/www/otc/ThinkPHP/Common/functions.php 第 1953 行.
NOTIC: [8] Undefined index: m /data/www/otc/ThinkPHP/Common/functions.php 第 1953 行.
NOTIC: [8] Undefined index: m /data/www/otc/ThinkPHP/Common/functions.php 第 1953 行.
NOTIC: [8] Use of undefined constant wkc - assumed 'wkc' /data/www/otc/Runtime/Cache/Home/2a94b8bda04ff446dcedd42276fc99ee.php 第 68 行.
NOTIC: [8] Undefined index: m /data/www/otc/ThinkPHP/Common/functions.php 第 1953 行.
NOTIC: [8] Undefined index: m /data/www/otc/ThinkPHP/Common/functions.php 第 1953 行.
NOTIC: [8] Undefined index: m /data/www/otc/ThinkPHP/Common/functions.php 第 1953 行.
NOTIC: [8] Undefined index: m /data/www/otc/ThinkPHP/Common/functions.php 第 1953 行.
NOTIC: [8] Undefined index: m /data/www/otc/ThinkPHP/Common/functions.php 第 1953 行.
NOTIC: [8] Undefined index: target /data/www/otc/Runtime/Cache/Home/2a94b8bda04ff446dcedd42276fc99ee.php 第 204 行.
NOTIC: [8] Undefined index: token /data/www/otc/Runtime/Cache/Home/2a94b8bda04ff446dcedd42276fc99ee.php 第 213 行.
NOTIC: [8] Undefined index: token /data/www/otc/Runtime/Cache/Home/2a94b8bda04ff446dcedd42276fc99ee.php 第 214 行.
NOTIC: [8] Undefined index: m /data/www/otc/ThinkPHP/Common/functions.php 第 1953 行.
SQL: SHOW COLUMNS FROM `cy_user` [ RunTime:0.0013s ]
SQL: SELECT `ue_img` FROM `cy_user` WHERE `id` = 16 LIMIT 1   [ RunTime:0.0005s ]
SQL: SHOW COLUMNS FROM `cy_order` [ RunTime:0.0010s ]
SQL: SELECT COUNT(*) AS tp_count FROM `cy_order` WHERE ( (`status` = 3 and buyid=16) or (`status` = 3 and sellid=16) ) LIMIT 1   [ RunTime:0.0007s ]
SQL: SELECT `trusted` FROM `cy_user` WHERE `id` = 16 LIMIT 1   [ RunTime:0.0004s ]
SQL: SHOW COLUMNS FROM `cy_evaluation` [ RunTime:0.0008s ]
SQL: SELECT COUNT(*) AS tp_count FROM `cy_evaluation` WHERE `userid` = 16 LIMIT 1   [ RunTime:0.0005s ]
SQL: SELECT COUNT(*) AS tp_count FROM `cy_evaluation` WHERE `userid` = 16 AND `evaluation` = 'POSITIVE' LIMIT 1   [ RunTime:0.0005s ]
NOTIC: [8] Undefined index: m /data/www/otc/ThinkPHP/Common/functions.php 第 1953 行.
SQL: SELECT `ue_img` FROM `cy_user` WHERE `id` = 16 LIMIT 1   [ RunTime:0.0004s ]
SQL: SELECT COUNT(*) AS tp_count FROM `cy_order` WHERE ( (`status` = 3 and buyid=16) or (`status` = 3 and sellid=16) ) LIMIT 1   [ RunTime:0.0005s ]
SQL: SELECT `trusted` FROM `cy_user` WHERE `id` = 16 LIMIT 1   [ RunTime:0.0004s ]
SQL: SELECT COUNT(*) AS tp_count FROM `cy_evaluation` WHERE `userid` = 16 LIMIT 1   [ RunTime:0.0004s ]
SQL: SELECT COUNT(*) AS tp_count FROM `cy_evaluation` WHERE `userid` = 16 AND `evaluation` = 'POSITIVE' LIMIT 1   [ RunTime:0.0005s ]
NOTIC: [8] Undefined index: m /data/www/otc/ThinkPHP/Common/functions.php 第 1953 行.
SQL: SELECT `ue_img` FROM `cy_user` WHERE `id` = 15 LIMIT 1   [ RunTime:0.0004s ]
SQL: SELECT COUNT(*) AS tp_count FROM `cy_order` WHERE ( (`status` = 3 and buyid=15) or (`status` = 3 and sellid=15) ) LIMIT 1   [ RunTime:0.0005s ]
SQL: SELECT `trusted` FROM `cy_user` WHERE `id` = 15 LIMIT 1   [ RunTime:0.0004s ]
SQL: SELECT COUNT(*) AS tp_count FROM `cy_evaluation` WHERE `userid` = 15 LIMIT 1   [ RunTime:0.0005s ]
NOTIC: [8] Undefined index: m /data/www/otc/ThinkPHP/Common/functions.php 第 1953 行.
SQL: SELECT `ue_img` FROM `cy_user` WHERE `id` = 4 LIMIT 1   [ RunTime:0.0004s ]
SQL: SELECT COUNT(*) AS tp_count FROM `cy_order` WHERE ( (`status` = 3 and buyid=4) or (`status` = 3 and sellid=4) ) LIMIT 1   [ RunTime:0.0005s ]
SQL: SELECT `trusted` FROM `cy_user` WHERE `id` = 4 LIMIT 1   [ RunTime:0.0004s ]
SQL: SELECT COUNT(*) AS tp_count FROM `cy_evaluation` WHERE `userid` = 4 LIMIT 1   [ RunTime:0.0004s ]
SQL: SELECT COUNT(*) AS tp_count FROM `cy_evaluation` WHERE `userid` = 4 AND `evaluation` = 'POSITIVE' LIMIT 1   [ RunTime:0.0005s ]
NOTIC: [8] Undefined index: m /data/www/otc/ThinkPHP/Common/functions.php 第 1953 行.
NOTIC: [8] Undefined index: m /data/www/otc/ThinkPHP/Common/functions.php 第 1953 行.
NOTIC: [8] Undefined index: m /data/www/otc/ThinkPHP/Common/functions.php 第 1953 行.
NOTIC: [8] Undefined index: m /data/www/otc/ThinkPHP/Common/functions.php 第 1953 行.
INFO: Run Behavior\ParseTemplateBehavior [ RunTime:0.033217s ]
INFO: [ view_parse ] --END-- [ RunTime:0.033297s ]
INFO: [ view_filter ] --START--
INFO: Run Behavior\WriteHtmlCacheBehavior [ RunTime:0.000633s ]
INFO: [ view_filter ] --END-- [ RunTime:0.000712s ]
INFO: [ app_end ] --START--
INFO: Run Behavior\ShowPageTraceBehavior [ RunTime:0.001086s ]
INFO: [ app_end ] --END-- [ RunTime:0.001194s ]

[ 2018-03-12T19:25:49+08:00 ] 122.114.139.104 /phpmyadmin/
INFO: [ app_init ] --START--
INFO: Run Behavior\BuildLiteBehavior [ RunTime:0.000015s ]
INFO: [ app_init ] --END-- [ RunTime:0.005257s ]
INFO: [ app_begin ] --START--
INFO: Run Behavior\ReadHtmlCacheBehavior [ RunTime:0.000999s ]
INFO: [ app_begin ] --END-- [ RunTime:0.001217s ]
ERR: 无法加载控制器:Phpmyadmin

[ 2018-03-12T20:00:45+08:00 ] 113.96.223.207 /
INFO: [ app_init ] --START--
INFO: Run Behavior\BuildLiteBehavior [ RunTime:0.000013s ]
INFO: [ app_init ] --END-- [ RunTime:0.005206s ]
INFO: [ app_begin ] --START--
INFO: Run Behavior\ReadHtmlCacheBehavior [ RunTime:0.001049s ]
INFO: [ app_begin ] --END-- [ RunTime:0.001155s ]
SQL: SHOW COLUMNS FROM `cy_user_coin` [ RunTime:0.0037s ]
SQL: SELECT * FROM `cy_user_coin` WHERE `userid` = null LIMIT 1   [ RunTime:0.0008s ]
SQL: SHOW COLUMNS FROM `cy_newad` [ RunTime:0.0011s ]
SQL: SELECT * FROM `cy_newad` WHERE ( ad_type=0 ) ORDER BY price LIMIT 2   [ RunTime:0.0009s ]
SQL: SELECT * FROM `cy_newad` WHERE ( ad_type=1 ) ORDER BY price LIMIT 2   [ RunTime:0.0007s ]
INFO: [ view_parse ] --START--
INFO: [ template_filter ] --START--
INFO: Run Behavior\ContentReplaceBehavior [ RunTime:0.000253s ]
INFO: [ template_filter ] --END-- [ RunTime:0.000347s ]
NOTIC: [8] Undefined index: m /data/www/otc/ThinkPHP/Common/functions.php 第 1953 行.
NOTIC: [8] Undefined index: m /data/www/otc/ThinkPHP/Common/functions.php 第 1953 行.
NOTIC: [8] Undefined index: m /data/www/otc/ThinkPHP/Common/functions.php 第 1953 行.
NOTIC: [8] Use of undefined constant wkc - assumed 'wkc' /data/www/otc/Runtime/Cache/Home/2a94b8bda04ff446dcedd42276fc99ee.php 第 68 行.
NOTIC: [8] Undefined index: m /data/www/otc/ThinkPHP/Common/functions.php 第 1953 行.
NOTIC: [8] Undefined index: m /data/www/otc/ThinkPHP/Common/functions.php 第 1953 行.
NOTIC: [8] Undefined index: m /data/www/otc/ThinkPHP/Common/functions.php 第 1953 行.
NOTIC: [8] Undefined index: m /data/www/otc/ThinkPHP/Common/functions.php 第 1953 行.
NOTIC: [8] Undefined index: m /data/www/otc/ThinkPHP/Common/functions.php 第 1953 行.
NOTIC: [8] Undefined index: target /data/www/otc/Runtime/Cache/Home/2a94b8bda04ff446dcedd42276fc99ee.php 第 204 行.
NOTIC: [8] Undefined index: token /data/www/otc/Runtime/Cache/Home/2a94b8bda04ff446dcedd42276fc99ee.php 第 213 行.
NOTIC: [8] Undefined index: token /data/www/otc/Runtime/Cache/Home/2a94b8bda04ff446dcedd42276fc99ee.php 第 214 行.
NOTIC: [8] Undefined index: m /data/www/otc/ThinkPHP/Common/functions.php 第 1953 行.
SQL: SHOW COLUMNS FROM `cy_user` [ RunTime:0.0014s ]
SQL: SELECT `ue_img` FROM `cy_user` WHERE `id` = 16 LIMIT 1   [ RunTime:0.0006s ]
SQL: SHOW COLUMNS FROM `cy_order` [ RunTime:0.0010s ]
SQL: SELECT COUNT(*) AS tp_count FROM `cy_order` WHERE ( (`status` = 3 and buyid=16) or (`status` = 3 and sellid=16) ) LIMIT 1   [ RunTime:0.0007s ]
SQL: SELECT `trusted` FROM `cy_user` WHERE `id` = 16 LIMIT 1   [ RunTime:0.0005s ]
SQL: SHOW COLUMNS FROM `cy_evaluation` [ RunTime:0.0009s ]
SQL: SELECT COUNT(*) AS tp_count FROM `cy_evaluation` WHERE `userid` = 16 LIMIT 1   [ RunTime:0.0005s ]
SQL: SELECT COUNT(*) AS tp_count FROM `cy_evaluation` WHERE `userid` = 16 AND `evaluation` = 'POSITIVE' LIMIT 1   [ RunTime:0.0005s ]
NOTIC: [8] Undefined index: m /data/www/otc/ThinkPHP/Common/functions.php 第 1953 行.
SQL: SELECT `ue_img` FROM `cy_user` WHERE `id` = 16 LIMIT 1   [ RunTime:0.0004s ]
SQL: SELECT COUNT(*) AS tp_count FROM `cy_order` WHERE ( (`status` = 3 and buyid=16) or (`status` = 3 and sellid=16) ) LIMIT 1   [ RunTime:0.0005s ]
SQL: SELECT `trusted` FROM `cy_user` WHERE `id` = 16 LIMIT 1   [ RunTime:0.0004s ]
SQL: SELECT COUNT(*) AS tp_count FROM `cy_evaluation` WHERE `userid` = 16 LIMIT 1   [ RunTime:0.0004s ]
SQL: SELECT COUNT(*) AS tp_count FROM `cy_evaluation` WHERE `userid` = 16 AND `evaluation` = 'POSITIVE' LIMIT 1   [ RunTime:0.0005s ]
NOTIC: [8] Undefined index: m /data/www/otc/ThinkPHP/Common/functions.php 第 1953 行.
SQL: SELECT `ue_img` FROM `cy_user` WHERE `id` = 15 LIMIT 1   [ RunTime:0.0005s ]
SQL: SELECT COUNT(*) AS tp_count FROM `cy_order` WHERE ( (`status` = 3 and buyid=15) or (`status` = 3 and sellid=15) ) LIMIT 1   [ RunTime:0.0005s ]
SQL: SELECT `trusted` FROM `cy_user` WHERE `id` = 15 LIMIT 1   [ RunTime:0.0004s ]
SQL: SELECT COUNT(*) AS tp_count FROM `cy_evaluation` WHERE `userid` = 15 LIMIT 1   [ RunTime:0.0005s ]
NOTIC: [8] Undefined index: m /data/www/otc/ThinkPHP/Common/functions.php 第 1953 行.
SQL: SELECT `ue_img` FROM `cy_user` WHERE `id` = 4 LIMIT 1   [ RunTime:0.0004s ]
SQL: SELECT COUNT(*) AS tp_count FROM `cy_order` WHERE ( (`status` = 3 and buyid=4) or (`status` = 3 and sellid=4) ) LIMIT 1   [ RunTime:0.0005s ]
SQL: SELECT `trusted` FROM `cy_user` WHERE `id` = 4 LIMIT 1   [ RunTime:0.0004s ]
SQL: SELECT COUNT(*) AS tp_count FROM `cy_evaluation` WHERE `userid` = 4 LIMIT 1   [ RunTime:0.0004s ]
SQL: SELECT COUNT(*) AS tp_count FROM `cy_evaluation` WHERE `userid` = 4 AND `evaluation` = 'POSITIVE' LIMIT 1   [ RunTime:0.0005s ]
NOTIC: [8] Undefined index: m /data/www/otc/ThinkPHP/Common/functions.php 第 1953 行.
NOTIC: [8] Undefined index: m /data/www/otc/ThinkPHP/Common/functions.php 第 1953 行.
NOTIC: [8] Undefined index: m /data/www/otc/ThinkPHP/Common/functions.php 第 1953 行.
NOTIC: [8] Undefined index: m /data/www/otc/ThinkPHP/Common/functions.php 第 1953 行.
INFO: Run Behavior\ParseTemplateBehavior [ RunTime:0.033954s ]
INFO: [ view_parse ] --END-- [ RunTime:0.034035s ]
INFO: [ view_filter ] --START--
INFO: Run Behavior\WriteHtmlCacheBehavior [ RunTime:0.000604s ]
INFO: [ view_filter ] --END-- [ RunTime:0.000687s ]
INFO: [ app_end ] --START--
INFO: Run Behavior\ShowPageTraceBehavior [ RunTime:0.001075s ]
INFO: [ app_end ] --END-- [ RunTime:0.001184s ]

[ 2018-03-12T20:00:46+08:00 ] 113.96.223.207 /
INFO: [ app_init ] --START--
INFO: Run Behavior\BuildLiteBehavior [ RunTime:0.000014s ]
INFO: [ app_init ] --END-- [ RunTime:0.004844s ]
INFO: [ app_begin ] --START--
INFO: Run Behavior\ReadHtmlCacheBehavior [ RunTime:0.000911s ]
INFO: [ app_begin ] --END-- [ RunTime:0.001018s ]
SQL: SHOW COLUMNS FROM `cy_user_coin` [ RunTime:0.0013s ]
SQL: SELECT * FROM `cy_user_coin` WHERE `userid` = null LIMIT 1   [ RunTime:0.0006s ]
SQL: SHOW COLUMNS FROM `cy_newad` [ RunTime:0.0011s ]
SQL: SELECT * FROM `cy_newad` WHERE ( ad_type=0 ) ORDER BY price LIMIT 2   [ RunTime:0.0007s ]
SQL: SELECT * FROM `cy_newad` WHERE ( ad_type=1 ) ORDER BY price LIMIT 2   [ RunTime:0.0006s ]
INFO: [ view_parse ] --START--
INFO: [ template_filter ] --START--
INFO: Run Behavior\ContentReplaceBehavior [ RunTime:0.000277s ]
INFO: [ template_filter ] --END-- [ RunTime:0.000382s ]
NOTIC: [8] Undefined index: m /data/www/otc/ThinkPHP/Common/functions.php 第 1953 行.
NOTIC: [8] Undefined index: m /data/www/otc/ThinkPHP/Common/functions.php 第 1953 行.
NOTIC: [8] Undefined index: m /data/www/otc/ThinkPHP/Common/functions.php 第 1953 行.
NOTIC: [8] Use of undefined constant wkc - assumed 'wkc' /data/www/otc/Runtime/Cache/Home/2a94b8bda04ff446dcedd42276fc99ee.php 第 68 行.
NOTIC: [8] Undefined index: m /data/www/otc/ThinkPHP/Common/functions.php 第 1953 行.
NOTIC: [8] Undefined index: m /data/www/otc/ThinkPHP/Common/functions.php 第 1953 行.
NOTIC: [8] Undefined index: m /data/www/otc/ThinkPHP/Common/functions.php 第 1953 行.
NOTIC: [8] Undefined index: m /data/www/otc/ThinkPHP/Common/functions.php 第 1953 行.
NOTIC: [8] Undefined index: m /data/www/otc/ThinkPHP/Common/functions.php 第 1953 行.
NOTIC: [8] Undefined index: target /data/www/otc/Runtime/Cache/Home/2a94b8bda04ff446dcedd42276fc99ee.php 第 204 行.
NOTIC: [8] Undefined index: token /data/www/otc/Runtime/Cache/Home/2a94b8bda04ff446dcedd42276fc99ee.php 第 213 行.
NOTIC: [8] Undefined index: token /data/www/otc/Runtime/Cache/Home/2a94b8bda04ff446dcedd42276fc99ee.php 第 214 行.
NOTIC: [8] Undefined index: m /data/www/otc/ThinkPHP/Common/functions.php 第 1953 行.
SQL: SHOW COLUMNS FROM `cy_user` [ RunTime:0.0043s ]
SQL: SELECT `ue_img` FROM `cy_user` WHERE `id` = 16 LIMIT 1   [ RunTime:0.0005s ]
SQL: SHOW COLUMNS FROM `cy_order` [ RunTime:0.0010s ]
SQL: SELECT COUNT(*) AS tp_count FROM `cy_order` WHERE ( (`status` = 3 and buyid=16) or (`status` = 3 and sellid=16) ) LIMIT 1   [ RunTime:0.0006s ]
SQL: SELECT `trusted` FROM `cy_user` WHERE `id` = 16 LIMIT 1   [ RunTime:0.0004s ]
SQL: SHOW COLUMNS FROM `cy_evaluation` [ RunTime:0.0009s ]
SQL: SELECT COUNT(*) AS tp_count FROM `cy_evaluation` WHERE `userid` = 16 LIMIT 1   [ RunTime:0.0005s ]
SQL: SELECT COUNT(*) AS tp_count FROM `cy_evaluation` WHERE `userid` = 16 AND `evaluation` = 'POSITIVE' LIMIT 1   [ RunTime:0.0005s ]
NOTIC: [8] Undefined index: m /data/www/otc/ThinkPHP/Common/functions.php 第 1953 行.
SQL: SELECT `ue_img` FROM `cy_user` WHERE `id` = 16 LIMIT 1   [ RunTime:0.0004s ]
SQL: SELECT COUNT(*) AS tp_count FROM `cy_order` WHERE ( (`status` = 3 and buyid=16) or (`status` = 3 and sellid=16) ) LIMIT 1   [ RunTime:0.0005s ]
SQL: SELECT `trusted` FROM `cy_user` WHERE `id` = 16 LIMIT 1   [ RunTime:0.0008s ]
SQL: SELECT COUNT(*) AS tp_count FROM `cy_evaluation` WHERE `userid` = 16 LIMIT 1   [ RunTime:0.0007s ]
SQL: SELECT COUNT(*) AS tp_count FROM `cy_evaluation` WHERE `userid` = 16 AND `evaluation` = 'POSITIVE' LIMIT 1   [ RunTime:0.0004s ]
NOTIC: [8] Undefined index: m /data/www/otc/ThinkPHP/Common/functions.php 第 1953 行.
SQL: SELECT `ue_img` FROM `cy_user` WHERE `id` = 15 LIMIT 1   [ RunTime:0.0004s ]
SQL: SELECT COUNT(*) AS tp_count FROM `cy_order` WHERE ( (`status` = 3 and buyid=15) or (`status` = 3 and sellid=15) ) LIMIT 1   [ RunTime:0.0005s ]
SQL: SELECT `trusted` FROM `cy_user` WHERE `id` = 15 LIMIT 1   [ RunTime:0.0004s ]
SQL: SELECT COUNT(*) AS tp_count FROM `cy_evaluation` WHERE `userid` = 15 LIMIT 1   [ RunTime:0.0005s ]
NOTIC: [8] Undefined index: m /data/www/otc/ThinkPHP/Common/functions.php 第 1953 行.
SQL: SELECT `ue_img` FROM `cy_user` WHERE `id` = 4 LIMIT 1   [ RunTime:0.0004s ]
SQL: SELECT COUNT(*) AS tp_count FROM `cy_order` WHERE ( (`status` = 3 and buyid=4) or (`status` = 3 and sellid=4) ) LIMIT 1   [ RunTime:0.0005s ]
SQL: SELECT `trusted` FROM `cy_user` WHERE `id` = 4 LIMIT 1   [ RunTime:0.0004s ]
SQL: SELECT COUNT(*) AS tp_count FROM `cy_evaluation` WHERE `userid` = 4 LIMIT 1   [ RunTime:0.0004s ]
SQL: SELECT COUNT(*) AS tp_count FROM `cy_evaluation` WHERE `userid` = 4 AND `evaluation` = 'POSITIVE' LIMIT 1   [ RunTime:0.0005s ]
NOTIC: [8] Undefined index: m /data/www/otc/ThinkPHP/Common/functions.php 第 1953 行.
NOTIC: [8] Undefined index: m /data/www/otc/ThinkPHP/Common/functions.php 第 1953 行.
NOTIC: [8] Undefined index: m /data/www/otc/ThinkPHP/Common/functions.php 第 1953 行.
NOTIC: [8] Undefined index: m /data/www/otc/ThinkPHP/Common/functions.php 第 1953 行.
INFO: Run Behavior\ParseTemplateBehavior [ RunTime:0.040507s ]
INFO: [ view_parse ] --END-- [ RunTime:0.040587s ]
INFO: [ view_filter ] --START--
INFO: Run Behavior\WriteHtmlCacheBehavior [ RunTime:0.000673s ]
INFO: [ view_filter ] --END-- [ RunTime:0.000752s ]
INFO: [ app_end ] --START--
INFO: Run Behavior\ShowPageTraceBehavior [ RunTime:0.001095s ]
INFO: [ app_end ] --END-- [ RunTime:0.001200s ]

[ 2018-03-12T20:22:49+08:00 ] 51.15.191.81 /
INFO: [ app_init ] --START--
INFO: Run Behavior\BuildLiteBehavior [ RunTime:0.000013s ]
INFO: [ app_init ] --END-- [ RunTime:0.005156s ]
INFO: [ app_begin ] --START--
INFO: Run Behavior\ReadHtmlCacheBehavior [ RunTime:0.001112s ]
INFO: [ app_begin ] --END-- [ RunTime:0.001222s ]
SQL: SHOW COLUMNS FROM `cy_user_coin` [ RunTime:0.0024s ]
SQL: SELECT * FROM `cy_user_coin` WHERE `userid` = null LIMIT 1   [ RunTime:0.0007s ]
SQL: SHOW COLUMNS FROM `cy_newad` [ RunTime:0.0013s ]
SQL: SELECT * FROM `cy_newad` WHERE ( ad_type=0 ) ORDER BY price LIMIT 2   [ RunTime:0.0010s ]
SQL: SELECT * FROM `cy_newad` WHERE ( ad_type=1 ) ORDER BY price LIMIT 2   [ RunTime:0.0007s ]
INFO: [ view_parse ] --START--
INFO: [ template_filter ] --START--
INFO: Run Behavior\ContentReplaceBehavior [ RunTime:0.000275s ]
INFO: [ template_filter ] --END-- [ RunTime:0.000408s ]
NOTIC: [8] Undefined index: m /data/www/otc/ThinkPHP/Common/functions.php 第 1953 行.
NOTIC: [8] Undefined index: m /data/www/otc/ThinkPHP/Common/functions.php 第 1953 行.
NOTIC: [8] Undefined index: m /data/www/otc/ThinkPHP/Common/functions.php 第 1953 行.
NOTIC: [8] Use of undefined constant wkc - assumed 'wkc' /data/www/otc/Runtime/Cache/Home/2a94b8bda04ff446dcedd42276fc99ee.php 第 68 行.
NOTIC: [8] Undefined index: m /data/www/otc/ThinkPHP/Common/functions.php 第 1953 行.
NOTIC: [8] Undefined index: m /data/www/otc/ThinkPHP/Common/functions.php 第 1953 行.
NOTIC: [8] Undefined index: m /data/www/otc/ThinkPHP/Common/functions.php 第 1953 行.
NOTIC: [8] Undefined index: m /data/www/otc/ThinkPHP/Common/functions.php 第 1953 行.
NOTIC: [8] Undefined index: m /data/www/otc/ThinkPHP/Common/functions.php 第 1953 行.
NOTIC: [8] Undefined index: target /data/www/otc/Runtime/Cache/Home/2a94b8bda04ff446dcedd42276fc99ee.php 第 204 行.
NOTIC: [8] Undefined index: token /data/www/otc/Runtime/Cache/Home/2a94b8bda04ff446dcedd42276fc99ee.php 第 213 行.
NOTIC: [8] Undefined index: token /data/www/otc/Runtime/Cache/Home/2a94b8bda04ff446dcedd42276fc99ee.php 第 214 行.
NOTIC: [8] Undefined index: m /data/www/otc/ThinkPHP/Common/functions.php 第 1953 行.
SQL: SHOW COLUMNS FROM `cy_user` [ RunTime:0.0015s ]
SQL: SELECT `ue_img` FROM `cy_user` WHERE `id` = 16 LIMIT 1   [ RunTime:0.0006s ]
SQL: SHOW COLUMNS FROM `cy_order` [ RunTime:0.0010s ]
SQL: SELECT COUNT(*) AS tp_count FROM `cy_order` WHERE ( (`status` = 3 and buyid=16) or (`status` = 3 and sellid=16) ) LIMIT 1   [ RunTime:0.0006s ]
SQL: SELECT `trusted` FROM `cy_user` WHERE `id` = 16 LIMIT 1   [ RunTime:0.0004s ]
SQL: SHOW COLUMNS FROM `cy_evaluation` [ RunTime:0.0008s ]
SQL: SELECT COUNT(*) AS tp_count FROM `cy_evaluation` WHERE `userid` = 16 LIMIT 1   [ RunTime:0.0009s ]
SQL: SELECT COUNT(*) AS tp_count FROM `cy_evaluation` WHERE `userid` = 16 AND `evaluation` = 'POSITIVE' LIMIT 1   [ RunTime:0.0005s ]
NOTIC: [8] Undefined index: m /data/www/otc/ThinkPHP/Common/functions.php 第 1953 行.
SQL: SELECT `ue_img` FROM `cy_user` WHERE `id` = 16 LIMIT 1   [ RunTime:0.0004s ]
SQL: SELECT COUNT(*) AS tp_count FROM `cy_order` WHERE ( (`status` = 3 and buyid=16) or (`status` = 3 and sellid=16) ) LIMIT 1   [ RunTime:0.0006s ]
SQL: SELECT `trusted` FROM `cy_user` WHERE `id` = 16 LIMIT 1   [ RunTime:0.0004s ]
SQL: SELECT COUNT(*) AS tp_count FROM `cy_evaluation` WHERE `userid` = 16 LIMIT 1   [ RunTime:0.0005s ]
SQL: SELECT COUNT(*) AS tp_count FROM `cy_evaluation` WHERE `userid` = 16 AND `evaluation` = 'POSITIVE' LIMIT 1   [ RunTime:0.0005s ]
NOTIC: [8] Undefined index: m /data/www/otc/ThinkPHP/Common/functions.php 第 1953 行.
SQL: SELECT `ue_img` FROM `cy_user` WHERE `id` = 15 LIMIT 1   [ RunTime:0.0004s ]
SQL: SELECT COUNT(*) AS tp_count FROM `cy_order` WHERE ( (`status` = 3 and buyid=15) or (`status` = 3 and sellid=15) ) LIMIT 1   [ RunTime:0.0005s ]
SQL: SELECT `trusted` FROM `cy_user` WHERE `id` = 15 LIMIT 1   [ RunTime:0.0004s ]
SQL: SELECT COUNT(*) AS tp_count FROM `cy_evaluation` WHERE `userid` = 15 LIMIT 1   [ RunTime:0.0004s ]
NOTIC: [8] Undefined index: m /data/www/otc/ThinkPHP/Common/functions.php 第 1953 行.
SQL: SELECT `ue_img` FROM `cy_user` WHERE `id` = 4 LIMIT 1   [ RunTime:0.0005s ]
SQL: SELECT COUNT(*) AS tp_count FROM `cy_order` WHERE ( (`status` = 3 and buyid=4) or (`status` = 3 and sellid=4) ) LIMIT 1   [ RunTime:0.0006s ]
SQL: SELECT `trusted` FROM `cy_user` WHERE `id` = 4 LIMIT 1   [ RunTime:0.0004s ]
SQL: SELECT COUNT(*) AS tp_count FROM `cy_evaluation` WHERE `userid` = 4 LIMIT 1   [ RunTime:0.0005s ]
SQL: SELECT COUNT(*) AS tp_count FROM `cy_evaluation` WHERE `userid` = 4 AND `evaluation` = 'POSITIVE' LIMIT 1   [ RunTime:0.0005s ]
NOTIC: [8] Undefined index: m /data/www/otc/ThinkPHP/Common/functions.php 第 1953 行.
NOTIC: [8] Undefined index: m /data/www/otc/ThinkPHP/Common/functions.php 第 1953 行.
NOTIC: [8] Undefined index: m /data/www/otc/ThinkPHP/Common/functions.php 第 1953 行.
NOTIC: [8] Undefined index: m /data/www/otc/ThinkPHP/Common/functions.php 第 1953 行.
INFO: Run Behavior\ParseTemplateBehavior [ RunTime:0.038618s ]
INFO: [ view_parse ] --END-- [ RunTime:0.038700s ]
INFO: [ view_filter ] --START--
INFO: Run Behavior\WriteHtmlCacheBehavior [ RunTime:0.000717s ]
INFO: [ view_filter ] --END-- [ RunTime:0.000797s ]
INFO: [ app_end ] --START--
INFO: Run Behavior\ShowPageTraceBehavior [ RunTime:0.001162s ]
INFO: [ app_end ] --END-- [ RunTime:0.001270s ]

[ 2018-03-12T20:53:58+08:00 ] 182.16.98.69 /phpmyadmin
INFO: [ app_init ] --START--
INFO: Run Behavior\BuildLiteBehavior [ RunTime:0.000012s ]
INFO: [ app_init ] --END-- [ RunTime:0.005229s ]
INFO: [ app_begin ] --START--
INFO: Run Behavior\ReadHtmlCacheBehavior [ RunTime:0.001010s ]
INFO: [ app_begin ] --END-- [ RunTime:0.001117s ]
ERR: 无法加载控制器:Phpmyadmin

[ 2018-03-12T20:53:58+08:00 ] 182.16.98.69 /phpmyadmin
INFO: [ app_init ] --START--
INFO: Run Behavior\BuildLiteBehavior [ RunTime:0.000014s ]
INFO: [ app_init ] --END-- [ RunTime:0.004903s ]
INFO: [ app_begin ] --START--
INFO: Run Behavior\ReadHtmlCacheBehavior [ RunTime:0.000977s ]
INFO: [ app_begin ] --END-- [ RunTime:0.001085s ]
ERR: 无法加载控制器:Phpmyadmin

[ 2018-03-12T21:00:01+08:00 ] 184.105.156.2 /pmd
INFO: [ app_init ] --START--
INFO: Run Behavior\BuildLiteBehavior [ RunTime:0.000016s ]
INFO: [ app_init ] --END-- [ RunTime:0.005097s ]
INFO: [ app_begin ] --START--
INFO: Run Behavior\ReadHtmlCacheBehavior [ RunTime:0.001034s ]
INFO: [ app_begin ] --END-- [ RunTime:0.001148s ]
ERR: 无法加载控制器:Pmd

[ 2018-03-12T21:00:01+08:00 ] 184.105.156.2 /pmd
INFO: [ app_init ] --START--
INFO: Run Behavior\BuildLiteBehavior [ RunTime:0.000014s ]
INFO: [ app_init ] --END-- [ RunTime:0.005008s ]
INFO: [ app_begin ] --START--
INFO: Run Behavior\ReadHtmlCacheBehavior [ RunTime:0.000962s ]
INFO: [ app_begin ] --END-- [ RunTime:0.001101s ]
ERR: 无法加载控制器:Pmd

[ 2018-03-12T21:34:19+08:00 ] 216.244.83.210 /
INFO: [ app_init ] --START--
INFO: Run Behavior\BuildLiteBehavior [ RunTime:0.000014s ]
INFO: [ app_init ] --END-- [ RunTime:0.005360s ]
INFO: [ app_begin ] --START--
INFO: Run Behavior\ReadHtmlCacheBehavior [ RunTime:0.001126s ]
INFO: [ app_begin ] --END-- [ RunTime:0.001230s ]
SQL: SHOW COLUMNS FROM `cy_user_coin` [ RunTime:0.0035s ]
SQL: SELECT * FROM `cy_user_coin` WHERE `userid` = null LIMIT 1   [ RunTime:0.0016s ]
SQL: SHOW COLUMNS FROM `cy_newad` [ RunTime:0.0010s ]
SQL: SELECT * FROM `cy_newad` WHERE ( ad_type=0 ) ORDER BY price LIMIT 2   [ RunTime:0.0008s ]
SQL: SELECT * FROM `cy_newad` WHERE ( ad_type=1 ) ORDER BY price LIMIT 2   [ RunTime:0.0007s ]
INFO: [ view_parse ] --START--
INFO: [ template_filter ] --START--
INFO: Run Behavior\ContentReplaceBehavior [ RunTime:0.000271s ]
INFO: [ template_filter ] --END-- [ RunTime:0.000375s ]
NOTIC: [8] Undefined index: m /data/www/otc/ThinkPHP/Common/functions.php 第 1953 行.
NOTIC: [8] Undefined index: m /data/www/otc/ThinkPHP/Common/functions.php 第 1953 行.
NOTIC: [8] Undefined index: m /data/www/otc/ThinkPHP/Common/functions.php 第 1953 行.
NOTIC: [8] Use of undefined constant wkc - assumed 'wkc' /data/www/otc/Runtime/Cache/Home/2a94b8bda04ff446dcedd42276fc99ee.php 第 68 行.
NOTIC: [8] Undefined index: m /data/www/otc/ThinkPHP/Common/functions.php 第 1953 行.
NOTIC: [8] Undefined index: m /data/www/otc/ThinkPHP/Common/functions.php 第 1953 行.
NOTIC: [8] Undefined index: m /data/www/otc/ThinkPHP/Common/functions.php 第 1953 行.
NOTIC: [8] Undefined index: m /data/www/otc/ThinkPHP/Common/functions.php 第 1953 行.
NOTIC: [8] Undefined index: m /data/www/otc/ThinkPHP/Common/functions.php 第 1953 行.
NOTIC: [8] Undefined index: target /data/www/otc/Runtime/Cache/Home/2a94b8bda04ff446dcedd42276fc99ee.php 第 204 行.
NOTIC: [8] Undefined index: token /data/www/otc/Runtime/Cache/Home/2a94b8bda04ff446dcedd42276fc99ee.php 第 213 行.
NOTIC: [8] Undefined index: token /data/www/otc/Runtime/Cache/Home/2a94b8bda04ff446dcedd42276fc99ee.php 第 214 行.
NOTIC: [8] Undefined index: m /data/www/otc/ThinkPHP/Common/functions.php 第 1953 行.
SQL: SHOW COLUMNS FROM `cy_user` [ RunTime:0.0014s ]
SQL: SELECT `ue_img` FROM `cy_user` WHERE `id` = 16 LIMIT 1   [ RunTime:0.0005s ]
SQL: SHOW COLUMNS FROM `cy_order` [ RunTime:0.0010s ]
SQL: SELECT COUNT(*) AS tp_count FROM `cy_order` WHERE ( (`status` = 3 and buyid=16) or (`status` = 3 and sellid=16) ) LIMIT 1   [ RunTime:0.0006s ]
SQL: SELECT `trusted` FROM `cy_user` WHERE `id` = 16 LIMIT 1   [ RunTime:0.0004s ]
SQL: SHOW COLUMNS FROM `cy_evaluation` [ RunTime:0.0008s ]
SQL: SELECT COUNT(*) AS tp_count FROM `cy_evaluation` WHERE `userid` = 16 LIMIT 1   [ RunTime:0.0005s ]
SQL: SELECT COUNT(*) AS tp_count FROM `cy_evaluation` WHERE `userid` = 16 AND `evaluation` = 'POSITIVE' LIMIT 1   [ RunTime:0.0005s ]
NOTIC: [8] Undefined index: m /data/www/otc/ThinkPHP/Common/functions.php 第 1953 行.
SQL: SELECT `ue_img` FROM `cy_user` WHERE `id` = 16 LIMIT 1   [ RunTime:0.0004s ]
SQL: SELECT COUNT(*) AS tp_count FROM `cy_order` WHERE ( (`status` = 3 and buyid=16) or (`status` = 3 and sellid=16) ) LIMIT 1   [ RunTime:0.0005s ]
SQL: SELECT `trusted` FROM `cy_user` WHERE `id` = 16 LIMIT 1   [ RunTime:0.0004s ]
SQL: SELECT COUNT(*) AS tp_count FROM `cy_evaluation` WHERE `userid` = 16 LIMIT 1   [ RunTime:0.0005s ]
SQL: SELECT COUNT(*) AS tp_count FROM `cy_evaluation` WHERE `userid` = 16 AND `evaluation` = 'POSITIVE' LIMIT 1   [ RunTime:0.0004s ]
NOTIC: [8] Undefined index: m /data/www/otc/ThinkPHP/Common/functions.php 第 1953 行.
SQL: SELECT `ue_img` FROM `cy_user` WHERE `id` = 15 LIMIT 1   [ RunTime:0.0004s ]
SQL: SELECT COUNT(*) AS tp_count FROM `cy_order` WHERE ( (`status` = 3 and buyid=15) or (`status` = 3 and sellid=15) ) LIMIT 1   [ RunTime:0.0005s ]
SQL: SELECT `trusted` FROM `cy_user` WHERE `id` = 15 LIMIT 1   [ RunTime:0.0004s ]
SQL: SELECT COUNT(*) AS tp_count FROM `cy_evaluation` WHERE `userid` = 15 LIMIT 1   [ RunTime:0.0005s ]
NOTIC: [8] Undefined index: m /data/www/otc/ThinkPHP/Common/functions.php 第 1953 行.
SQL: SELECT `ue_img` FROM `cy_user` WHERE `id` = 4 LIMIT 1   [ RunTime:0.0004s ]
SQL: SELECT COUNT(*) AS tp_count FROM `cy_order` WHERE ( (`status` = 3 and buyid=4) or (`status` = 3 and sellid=4) ) LIMIT 1   [ RunTime:0.0005s ]
SQL: SELECT `trusted` FROM `cy_user` WHERE `id` = 4 LIMIT 1   [ RunTime:0.0004s ]
SQL: SELECT COUNT(*) AS tp_count FROM `cy_evaluation` WHERE `userid` = 4 LIMIT 1   [ RunTime:0.0005s ]
SQL: SELECT COUNT(*) AS tp_count FROM `cy_evaluation` WHERE `userid` = 4 AND `evaluation` = 'POSITIVE' LIMIT 1   [ RunTime:0.0005s ]
NOTIC: [8] Undefined index: m /data/www/otc/ThinkPHP/Common/functions.php 第 1953 行.
NOTIC: [8] Undefined index: m /data/www/otc/ThinkPHP/Common/functions.php 第 1953 行.
NOTIC: [8] Undefined index: m /data/www/otc/ThinkPHP/Common/functions.php 第 1953 行.
NOTIC: [8] Undefined index: m /data/www/otc/ThinkPHP/Common/functions.php 第 1953 行.
INFO: Run Behavior\ParseTemplateBehavior [ RunTime:0.034280s ]
INFO: [ view_parse ] --END-- [ RunTime:0.034367s ]
INFO: [ view_filter ] --START--
INFO: Run Behavior\WriteHtmlCacheBehavior [ RunTime:0.000759s ]
INFO: [ view_filter ] --END-- [ RunTime:0.000872s ]
INFO: [ app_end ] --START--
INFO: Run Behavior\ShowPageTraceBehavior [ RunTime:0.001203s ]
INFO: [ app_end ] --END-- [ RunTime:0.001310s ]

[ 2018-03-12T22:17:46+08:00 ] 159.65.141.232 /Public/gec/web/img/lgoinbg1m2.jpg
INFO: [ app_init ] --START--
INFO: Run Behavior\BuildLiteBehavior [ RunTime:0.000014s ]
INFO: [ app_init ] --END-- [ RunTime:0.005655s ]

